\BOOKMARK [1][-]{section.1}{\376\377\213\241\173\227\147\072\117\123\174\373\176\323\147\204}{}% 1
\BOOKMARK [2][-]{subsubsection.1.0.1}{\376\377\000C\000P\000U\121\205\133\130\152\041\127\213}{section.1}% 2
\BOOKMARK [3][-]{subsubsection.1.0.2}{\376\377\000l\000i\000n\000u\000x\000\040\165\050\142\067\140\001\124\214\121\205\150\070\140\001}{subsubsection.1.0.1}% 3
\BOOKMARK [3][-]{subsubsection.1.0.3}{\376\377\000n\000g\000i\000n\000x\232\330\140\047\200\375\123\237\126\340}{subsubsection.1.0.1}% 4
\BOOKMARK [3][-]{subsubsection.1.0.4}{\376\377\000b\000i\000o\000\040\000s\000e\000l\000e\000c\000t\000\040\000e\000p\000o\000l\000l}{subsubsection.1.0.1}% 5
\BOOKMARK [1][-]{section.2}{\376\377\000S\000p\000r\000i\000n\000g}{}% 6
\BOOKMARK [2][-]{subsubsection.2.0.1}{\376\377\000j\000a\000r\000\040\124\214\000\040\000w\000a\000r\000\040\123\005\116\113\225\364\166\204\123\072\122\053}{section.2}% 7
\BOOKMARK [3][-]{subsubsection.2.0.2}{\376\377\000S\000p\000r\000i\000n\000g\000B\000o\000o\000t\000\040\124\214\000\040\000S\000p\000r\000i\000n\000g\000M\000V\000C\000\040\147\011\116\300\116\110\123\072\122\053}{subsubsection.2.0.1}% 8
\BOOKMARK [3][-]{subsubsection.2.0.3}{\376\377\000S\000p\000r\000i\000n\000g\000\040\150\106\147\266\200\375\136\046\147\145\124\352\116\233\131\175\131\004}{subsubsection.2.0.1}% 9
\BOOKMARK [3][-]{subsubsection.2.0.4}{\376\377\131\202\117\125\133\236\163\260\000A\000O\000P\000,\000\040\230\171\166\356\220\243\116\233\127\060\145\271\165\050\122\060\116\206\000A\000O\000P}{subsubsection.2.0.1}% 10
\BOOKMARK [3][-]{subsubsection.2.0.5}{\376\377\000S\000p\000r\000i\000n\000g\166\204\116\213\162\151\147\072\122\066}{subsubsection.2.0.1}% 11
\BOOKMARK [3][-]{subsubsection.2.0.6}{\376\377\000S\000p\000r\000i\000n\000g\116\300\116\110\145\366\120\031\000@\000T\000r\000a\000n\000s\000a\000c\000t\000i\000o\000n\000a\000l\131\061\145\110}{subsubsection.2.0.1}% 12
\BOOKMARK [3][-]{subsubsection.2.0.7}{\376\377\116\313\176\315\116\000\116\013\000S\000p\000r\000i\000n\000g\000,\000\040\213\373\217\307\156\220\170\001\116\313\176\315\116\000\116\013\131\047\201\364\155\101\172\013}{subsubsection.2.0.1}% 13
\BOOKMARK [3][-]{subsubsection.2.0.8}{\376\377\000A\000u\000t\000o\000w\000i\000r\000e\000d}{subsubsection.2.0.1}% 14
\BOOKMARK [3][-]{subsubsection.2.0.9}{\376\377\116\300\116\110\146\057\143\247\122\066\123\315\217\154\000\050\000I\000O\000C\000\051}{subsubsection.2.0.1}% 15
\BOOKMARK [3][-]{subsubsection.2.0.10}{\376\377\116\300\116\110\146\057\117\235\215\126\154\350\121\145\000?}{subsubsection.2.0.1}% 16
\BOOKMARK [3][-]{subsubsection.2.0.11}{\376\377\000S\000p\000r\000i\000n\000g\000\040\133\371\133\371\214\141\217\333\210\114\122\033\136\372\155\101\172\013}{subsubsection.2.0.1}% 17
\BOOKMARK [3][-]{subsubsection.2.0.12}{\376\377\116\300\116\110\146\057\000A\000O\000P}{subsubsection.2.0.1}% 18
\BOOKMARK [3][-]{subsubsection.2.0.13}{\376\377\000b\000e\000a\000n\166\204\165\037\124\175\124\150\147\037}{subsubsection.2.0.1}% 19
\BOOKMARK [3][-]{subsubsection.2.0.14}{\376\377\173\200\123\125\226\020\217\360\000S\000p\000r\000i\000n\000g\000M\000V\000C\166\204\155\101\172\013}{subsubsection.2.0.1}% 20
\BOOKMARK [3][-]{subsubsection.2.0.15}{\376\377\173\054\116\011\116\052\116\011\176\247\150\007\230\230}{subsubsection.2.0.1}% 21
\BOOKMARK [1][-]{section.3}{\376\377\000j\000a\000v\000a\127\372\170\100}{}% 22
\BOOKMARK [2][-]{subsubsection.3.0.1}{\376\377\123\314\116\262\131\324\155\076\147\072\122\066}{section.3}% 23
\BOOKMARK [3][-]{subsubsection.3.0.2}{\376\377\000A\000Q\000S\000\040\155\105\147\220}{subsubsection.3.0.1}% 24
\BOOKMARK [3][-]{subsubsection.3.0.3}{\376\377\000j\000a\000v\000a\122\240\133\306\173\227\154\325\155\105\147\220}{subsubsection.3.0.1}% 25
\BOOKMARK [3][-]{subsubsection.3.0.4}{\376\377\000j\000a\000v\000a\000\040\117\177\165\050\155\101\166\204\145\271\137\017\123\273\226\144\147\320\116\233\123\330\221\317}{subsubsection.3.0.1}% 26
\BOOKMARK [3][-]{subsubsection.3.0.5}{\376\377\000j\000a\000v\000a\116\055\166\204\123\330\221\317\131\202\147\234\166\364\143\245\215\113\120\074\116\072\000n\000u\000l\000l\116\013\227\142\166\364\143\245\117\177\165\050\166\204\213\335\000,\000\040\117\032\142\245\172\172\143\007\224\210\137\002\136\070}{subsubsection.3.0.1}% 27
\BOOKMARK [3][-]{subsubsection.3.0.6}{\376\377\000j\000a\000v\000a\143\245\123\343\116\055\236\330\213\244\142\020\124\130\123\330\221\317\166\204\117\356\231\160\173\046}{subsubsection.3.0.1}% 28
\BOOKMARK [3][-]{subsubsection.3.0.7}{\376\377\137\353\220\037\143\222\136\217}{subsubsection.3.0.1}% 29
\BOOKMARK [3][-]{subsubsection.3.0.8}{\376\377\000U\000M\000L\126\376\150\007}{subsubsection.3.0.1}% 30
\BOOKMARK [3][-]{subsubsection.3.0.9}{\376\377\000s\000e\000s\000s\000i\000o\000n\116\016\000t\000o\000k\000e\000n\166\204\123\072\122\053\000?}{subsubsection.3.0.1}% 31
\BOOKMARK [3][-]{subsubsection.3.0.10}{\376\377\154\350\211\343\116\345\123\312\166\370\121\163\225\356\230\230}{subsubsection.3.0.1}% 32
\BOOKMARK [3][-]{subsubsection.3.0.11}{\376\377\000j\000u\000c\000\040\000a\000r\000r\000a\000y\000l\000i\000s\000t\000\040\000\046\000\040\000i\000n\000t}{subsubsection.3.0.1}% 33
\BOOKMARK [3][-]{subsubsection.3.0.12}{\376\377\147\054\127\060\145\271\154\325\150\010\156\242\121\372\166\204\140\305\121\265}{subsubsection.3.0.1}% 34
\BOOKMARK [3][-]{subsubsection.3.0.13}{\376\377\130\006\121\205\133\130\156\242\121\372}{subsubsection.3.0.1}% 35
\BOOKMARK [3][-]{subsubsection.3.0.14}{\376\377\000H\000T\000T\000P\213\367\154\102\131\064\116\055\147\011\116\300\116\110\123\302\145\160}{subsubsection.3.0.1}% 36
\BOOKMARK [3][-]{subsubsection.3.0.15}{\376\377\000H\000T\000T\000P\213\367\154\102\215\104\156\220\166\204\145\271\137\017}{subsubsection.3.0.1}% 37
\BOOKMARK [3][-]{subsubsection.3.0.16}{\376\377\131\202\117\125\226\062\153\142\000S\000Q\000L\154\350\121\145}{subsubsection.3.0.1}% 38
\BOOKMARK [3][-]{subsubsection.3.0.17}{\376\377\131\202\117\125\133\236\163\260\0001\0000\0000\0000\0000\116\052\000q\000q\122\044\145\255\146\057\124\046\127\050\176\277\166\204\140\305\121\265}{subsubsection.3.0.1}% 39
\BOOKMARK [3][-]{subsubsection.3.0.18}{\376\377\000h\000a\000s\000h\000m\000a\000p\153\173\225\001\116\247\165\037\140\305\121\265}{subsubsection.3.0.1}% 40
\BOOKMARK [3][-]{subsubsection.3.0.19}{\376\377\214\010\214\010\133\371\000C\000o\000n\000c\000u\000r\000r\000e\000n\000t\000H\000a\000s\000h\000M\000a\000p\166\204\142\151\133\271\147\072\122\066}{subsubsection.3.0.1}% 41
\BOOKMARK [3][-]{subsubsection.3.0.20}{\376\377\000h\000a\000s\000h\000T\000a\000b\000l\000e}{subsubsection.3.0.1}% 42
\BOOKMARK [3][-]{subsubsection.3.0.21}{\376\377\220\040\142\020\153\173\225\001\166\204\123\237\126\340}{subsubsection.3.0.1}% 43
\BOOKMARK [3][-]{subsubsection.3.0.22}{\376\377\155\361\142\367\215\035\124\214\155\105\142\367\215\035}{subsubsection.3.0.1}% 44
\BOOKMARK [3][-]{subsubsection.3.0.23}{\376\377\131\202\147\234\117\140\143\320\116\244\116\373\122\241\145\366\000,\000\040\176\277\172\013\154\140\226\037\122\027\135\362\156\341\000,\000\040\217\331\145\366\117\032\123\321\165\037\116\300\116\110}{subsubsection.3.0.1}% 45
\BOOKMARK [3][-]{subsubsection.3.0.24}{\376\377\220\107\122\060\217\307\124\352\116\233\213\276\213\241\152\041\137\017}{subsubsection.3.0.1}% 46
\BOOKMARK [3][-]{subsubsection.3.0.25}{\376\377\000S\000p\000r\000i\000n\000g\116\055\000B\000e\000a\000n\146\057\176\277\172\013\133\211\121\150\166\204\124\027\000?}{subsubsection.3.0.1}% 47
\BOOKMARK [3][-]{subsubsection.3.0.26}{\376\377\213\364\213\364\117\140\116\206\211\343\166\204\122\006\136\003\137\017\225\001\133\236\163\260}{subsubsection.3.0.1}% 48
\BOOKMARK [3][-]{subsubsection.3.0.27}{\376\377\131\202\117\125\147\345\167\013\176\277\172\013\153\173\225\001}{subsubsection.3.0.1}% 49
\BOOKMARK [3][-]{subsubsection.3.0.28}{\376\377\176\277\172\013\116\113\225\364\131\202\117\125\217\333\210\114\220\032\213\257\166\204}{subsubsection.3.0.1}% 50
\BOOKMARK [3][-]{subsubsection.3.0.29}{\376\377\137\353\220\037\131\061\215\045\000\050\000f\000a\000i\000l\000-\000f\000a\000s\000t\000\051\000\040\124\214\000\040\133\211\121\150\131\061\215\045\000\050\000f\000a\000i\000l\000-\000s\000a\000f\000e\000\051\000\040\166\204\123\072\122\053\146\057\116\300\116\110\000?}{subsubsection.3.0.1}% 51
\BOOKMARK [3][-]{subsubsection.3.0.30}{\376\377\137\002\136\070}{subsubsection.3.0.1}% 52
\BOOKMARK [3][-]{subsubsection.3.0.31}{\376\377\000s\000y\000n\000c\000h\000r\000o\000n\000i\000z\000e\000d\166\204\136\225\134\102\133\236\163\260\176\306\202\202}{subsubsection.3.0.1}% 53
\BOOKMARK [3][-]{subsubsection.3.0.32}{\376\377\176\277\172\013\154\140\123\302\145\160}{subsubsection.3.0.1}% 54
\BOOKMARK [3][-]{subsubsection.3.0.33}{\376\377\117\140\211\311\137\227\150\070\137\303\176\277\172\013\145\160\124\214\147\000\131\047\176\277\172\013\145\160\116\113\225\364\136\224\213\345\131\202\117\125\213\276\177\156\124\142}{subsubsection.3.0.1}% 55
\BOOKMARK [3][-]{subsubsection.3.0.34}{\376\377\000s\000y\000c\000h\000r\000o\000n\000i\000z\000e\000d\124\214\000R\000e\000e\000n\000t\000r\000a\000n\000t\000L\000o\000c\000k\166\204\123\072\122\053}{subsubsection.3.0.1}% 56
\BOOKMARK [3][-]{subsubsection.3.0.35}{\376\377\176\277\172\013\154\140\116\055\117\177\165\050\166\204\000B\000l\000o\000c\000k\000Q\000u\000e\000u\000e}{subsubsection.3.0.1}% 57
\BOOKMARK [3][-]{subsubsection.3.0.36}{\376\377\000E\000x\000e\000c\000u\000t\000o\000r\000s\000\040\135\345\123\202\174\173\133\236\163\260\176\277\172\013\154\140}{subsubsection.3.0.1}% 58
\BOOKMARK [3][-]{subsubsection.3.0.37}{\376\377\176\277\172\013\154\140\166\204\142\322\176\335\173\126\165\145}{subsubsection.3.0.1}% 59
\BOOKMARK [3][-]{subsubsection.3.0.38}{\376\377\0008\171\315\127\372\147\054\145\160\143\156\174\173\127\213}{subsubsection.3.0.1}% 60
\BOOKMARK [3][-]{subsubsection.3.0.39}{\376\377\000C\000o\000m\000p\000a\000r\000a\000b\000l\000e\000\040\000\046\000\040\000C\000o\000m\000p\000a\000r\000a\000t\000o\000r\000\040\123\072\122\053}{subsubsection.3.0.1}% 61
\BOOKMARK [3][-]{subsubsection.3.0.40}{\376\377\000j\000a\000v\000a\221\307\165\050\120\074\117\040\220\022\217\330\146\057\137\025\165\050\117\040\220\022\000?}{subsubsection.3.0.1}% 62
\BOOKMARK [3][-]{subsubsection.3.0.41}{\376\377\000j\000a\000v\000a\155\361\142\367\215\035\124\214\155\105\142\367\215\035}{subsubsection.3.0.1}% 63
\BOOKMARK [3][-]{subsubsection.3.0.42}{\376\377\000j\000a\000v\000a\000"\000=\000=\000"\000\040\124\214\000\040\000e\000q\000u\000a\000l\000s\000\040\166\204\123\072\122\053}{subsubsection.3.0.1}% 64
\BOOKMARK [3][-]{subsubsection.3.0.43}{\376\377\000S\000t\000r\000i\000n\000g\124\214\000S\000t\000r\000i\000n\000g\000B\000u\000i\000l\000d\000e\000r\000,\000\040\000S\000t\000r\000i\000n\000g\000B\000u\000f\000f\000e\000r\166\204\123\072\122\053}{subsubsection.3.0.1}% 65
\BOOKMARK [3][-]{subsubsection.3.0.44}{\376\377\000J\000a\000v\000a\123\315\134\004\147\072\122\066}{subsubsection.3.0.1}% 66
\BOOKMARK [3][-]{subsubsection.3.0.45}{\376\377\173\200\217\360\227\142\124\021\133\371\214\141\116\011\131\047\162\171\137\201\000,\000\040\176\347\142\177\000,\000\040\134\001\210\305\000,\000\040\131\032\140\001}{subsubsection.3.0.1}% 67
\BOOKMARK [3][-]{subsubsection.3.0.46}{\376\377\131\032\140\001}{subsubsection.3.0.1}% 68
\BOOKMARK [3][-]{subsubsection.3.0.47}{\376\377\121\205\220\350\174\173}{subsubsection.3.0.1}% 69
\BOOKMARK [3][-]{subsubsection.3.0.48}{\376\377\176\242\236\321\150\021}{subsubsection.3.0.1}% 70
\BOOKMARK [3][-]{subsubsection.3.0.49}{\376\377\000h\000a\000s\000h\000m\000a\000p\166\204\145\160\143\156\176\323\147\204}{subsubsection.3.0.1}% 71
\BOOKMARK [3][-]{subsubsection.3.0.50}{\376\377\000h\000a\000s\000h\000m\000a\000p\166\204\000p\000u\000t\145\271\154\325}{subsubsection.3.0.1}% 72
\BOOKMARK [3][-]{subsubsection.3.0.51}{\376\377\116\313\176\315\116\000\116\013\000T\000h\000r\000e\000a\000d\000L\000o\000c\000a\000l}{subsubsection.3.0.1}% 73
\BOOKMARK [3][-]{subsubsection.3.0.52}{\376\377\000h\000e\000a\000p\124\214\000s\000t\000a\000c\000k\147\011\116\300\116\110\123\072\122\053}{subsubsection.3.0.1}% 74
\BOOKMARK [3][-]{subsubsection.3.0.53}{\376\377\000A\000r\000r\000a\000y\000\040\124\214\000\040\000A\000r\000r\000a\000y\000L\000i\000s\000t\000\040\166\204\123\072\122\053}{subsubsection.3.0.1}% 75
\BOOKMARK [3][-]{subsubsection.3.0.54}{\376\377\000J\000a\000v\000a\124\004\171\315\225\001\000:\000\040\140\262\211\302\225\001\000,\000\040\154\352\173\241\142\100\000,\000\040\201\352\145\313\225\001\000,\000\040\120\117\124\021\225\001\000,\000\040\217\173\221\317\000/\221\315\221\317\225\001\000,\000\040\213\373\121\231\225\001\000,\000\040\123\357\221\315\121\145\225\001}{subsubsection.3.0.1}% 76
\BOOKMARK [3][-]{subsubsection.3.0.55}{\376\377\000C\000o\000l\000l\000e\000c\000t\000i\000o\000n\000\040\124\214\000\040\000C\000o\000l\000l\000e\000c\000t\000i\000o\000n\000s\000\040\166\204\123\072\122\053}{subsubsection.3.0.1}% 77
\BOOKMARK [3][-]{subsubsection.3.0.56}{\376\377\143\245\123\343\116\016\142\275\214\141\174\173\123\072\122\053}{subsubsection.3.0.1}% 78
\BOOKMARK [3][-]{subsubsection.3.0.57}{\376\377\000A\000r\000r\000a\000y\000L\000i\000s\000t\124\214\000L\000i\000n\000k\000e\000d\000L\000i\000s\000t\121\205\220\350\133\236\163\260\131\047\201\364\146\057\140\016\150\067\166\204\000?\000\040\116\326\116\354\116\113\225\364\166\204\123\072\122\053\124\214\117\030\177\072\160\271}{subsubsection.3.0.1}% 79
\BOOKMARK [3][-]{subsubsection.3.0.58}{\376\377\000=\000=\124\214\000e\000q\000u\000a\000l\000s\166\204\123\072\122\053}{subsubsection.3.0.1}% 80
\BOOKMARK [3][-]{subsubsection.3.0.59}{\376\377\000h\000a\000s\000h\000C\000o\000d\000e\145\271\154\325\166\204\117\134\165\050}{subsubsection.3.0.1}% 81
\BOOKMARK [3][-]{subsubsection.3.0.60}{\376\377\123\315\134\004}{subsubsection.3.0.1}% 82
\BOOKMARK [3][-]{subsubsection.3.0.61}{\376\377\173\200\217\360\000J\000a\000v\000a\121\205\133\130\152\041\127\213\000\050\000J\000M\000M\000\051}{subsubsection.3.0.1}% 83
\BOOKMARK [3][-]{subsubsection.3.0.62}{\376\377\000J\000a\000v\000a\121\205\133\130\152\041\127\213\116\055\166\204\123\357\211\301\140\047\000,\000\040\123\237\133\120\140\047\124\214\147\011\136\217\140\047}{subsubsection.3.0.1}% 84
\BOOKMARK [3][-]{subsubsection.3.0.63}{\376\377\000h\000a\000p\000p\000e\000n\000-\000b\000e\000f\000o\000r\000e\123\237\122\031}{subsubsection.3.0.1}% 85
\BOOKMARK [3][-]{subsubsection.3.0.64}{\376\377\000w\000a\000i\000t\000/\000n\000o\000t\000i\000f\000y\000,\000\040\000a\000w\000a\000i\000t\000/\000s\000i\000n\000g\000a\000l}{subsubsection.3.0.1}% 86
\BOOKMARK [3][-]{subsubsection.3.0.65}{\376\377\131\032\176\277\172\013\000w\000a\000i\000t\124\214\000s\000l\000e\000e\000p\123\072\122\053}{subsubsection.3.0.1}% 87
\BOOKMARK [3][-]{subsubsection.3.0.66}{\376\377\000C\000o\000l\000l\000e\000c\000t\000i\000o\000n\000<\000?\000\040\000e\000x\000t\000e\000n\000d\000s\000\040\000P\000e\000r\000s\000o\000n\000>\000\040\000s}{subsubsection.3.0.1}% 88
\BOOKMARK [3][-]{subsubsection.3.0.67}{\376\377\176\277\172\013\166\204\162\266\140\001\147\011\124\352\116\233\000?}{subsubsection.3.0.1}% 89
\BOOKMARK [3][-]{subsubsection.3.0.68}{\376\377\217\333\172\013\166\204\162\266\140\001\147\011\124\352\116\233\000?}{subsubsection.3.0.1}% 90
\BOOKMARK [3][-]{subsubsection.3.0.69}{\376\377\122\033\136\372\176\277\172\013\166\204\121\340\171\315\145\271\137\017}{subsubsection.3.0.1}% 91
\BOOKMARK [3][-]{subsubsection.3.0.70}{\376\377\000s\000y\000n\000c\000h\000r\000o\000n\000i\000z\000e\000d\225\001\123\107\176\247\000:\000\040\145\340\225\001\000,\000\040\120\117\124\021\225\001\000,\000\040\217\173\221\317\176\247\225\001\000,\000\040\221\315\221\317\176\247\225\001\000\050\116\016\225\001\166\204\117\030\123\026\116\000\215\167\133\146\116\140}{subsubsection.3.0.1}% 92
\BOOKMARK [3][-]{subsubsection.3.0.71}{\376\377\131\202\117\125\117\177\165\050\000s\000y\000n\000c\000h\000r\000o\000n\000i\000z\000e\000d}{subsubsection.3.0.1}% 93
\BOOKMARK [1][-]{section.4}{\376\377\000J\000V\000M}{}% 94
\BOOKMARK [2][-]{subsubsection.4.0.1}{\376\377\145\260\165\037\116\343\131\015\122\066\173\227\154\325\166\204\117\177\165\050}{section.4}% 95
\BOOKMARK [3][-]{subsubsection.4.0.2}{\376\377\213\364\116\000\116\013\000J\000V\000M\116\055\000,\000\040\124\352\116\233\146\057\121\161\116\253\123\072\000,\000\040\124\352\116\233\123\357\116\345\117\134\116\072\000g\000c\000\040\000r\000o\000o\000t}{subsubsection.4.0.1}% 96
\BOOKMARK [3][-]{subsubsection.4.0.3}{\376\377\117\140\116\354\230\171\166\356\131\202\117\125\143\222\147\345\000J\000V\000M\225\356\230\230}{subsubsection.4.0.1}% 97
\BOOKMARK [3][-]{subsubsection.4.0.4}{\376\377\000G\000C\166\204\116\011\171\315\145\066\226\306\145\271\154\325\000:\000\040\150\007\213\260\156\005\226\144\000,\000\040\150\007\213\260\145\164\164\006\000,\000\040\131\015\122\066\173\227\154\325\166\204\123\237\164\006\116\016\162\171\160\271\000,\000\040\122\006\122\053\165\050\127\050\116\300\116\110\127\060\145\271\000,\000\040\131\202\147\234\213\251\117\140\117\030\123\026\145\066\226\306\145\271\154\325\000,\000\040\147\011\116\300\116\110\140\035\215\357}{subsubsection.4.0.1}% 98
\BOOKMARK [3][-]{subsubsection.4.0.5}{\376\377\000J\000V\000M\166\204\116\073\211\201\176\304\142\020\220\350\122\006\123\312\121\166\117\134\165\050\000?}{subsubsection.4.0.1}% 99
\BOOKMARK [3][-]{subsubsection.4.0.6}{\376\377\000J\000V\000M\217\320\210\114\145\366\145\160\143\156\123\072}{subsubsection.4.0.1}% 100
\BOOKMARK [3][-]{subsubsection.4.0.7}{\376\377\000J\000V\000M\217\320\210\114\145\366\145\160\143\156\123\072\217\331\116\233\145\271\154\325\166\204\121\163\174\373}{subsubsection.4.0.1}% 101
\BOOKMARK [3][-]{subsubsection.4.0.8}{\376\377\154\070\116\105\116\343\000P\000e\000r\000m\000G\000e\000n\000\040\124\214\000\040\121\103\172\172\225\364\000M\000e\000t\000a\000s\000p\000a\000c\000e\000\040\123\072\122\053}{subsubsection.4.0.1}% 102
\BOOKMARK [3][-]{subsubsection.4.0.9}{\376\377\213\364\116\000\116\013\130\006\150\010\166\204\123\072\122\053\000?}{subsubsection.4.0.1}% 103
\BOOKMARK [3][-]{subsubsection.4.0.10}{\376\377\136\070\211\301\166\204\127\203\127\076\145\066\226\306\126\150\000?}{subsubsection.4.0.1}% 104
\BOOKMARK [3][-]{subsubsection.4.0.11}{\376\377\121\205\133\130\122\006\221\115\116\016\126\336\145\066\173\126\165\145\000.\000\040}{subsubsection.4.0.1}% 105
\BOOKMARK [3][-]{subsubsection.4.0.12}{\376\377\206\132\142\337\147\072\140\047\200\375\166\321\143\247\124\214\145\105\226\234\131\004\164\006\135\345\121\167}{subsubsection.4.0.1}% 106
\BOOKMARK [3][-]{subsubsection.4.0.13}{\376\377\173\200\217\360\000J\000V\000M\116\055\174\173\122\240\217\175\147\072\122\066}{subsubsection.4.0.1}% 107
\BOOKMARK [3][-]{subsubsection.4.0.14}{\376\377\133\371\214\141\166\204\213\277\225\356\133\232\117\115\000?}{subsubsection.4.0.1}% 108
\BOOKMARK [3][-]{subsubsection.4.0.15}{\376\377\127\203\127\076\126\336\145\066\126\150\166\204\127\372\147\054\123\237\164\006\146\057\116\300\116\110\000?}{subsubsection.4.0.1}% 109
\BOOKMARK [3][-]{subsubsection.4.0.16}{\376\377\127\050\000j\000a\000v\000a\116\055\000,\000\040\133\371\214\141\116\300\116\110\145\366\120\031\123\357\116\345\210\253\127\203\127\076\126\336\145\066\000?}{subsubsection.4.0.1}% 110
\BOOKMARK [3][-]{subsubsection.4.0.17}{\376\377\131\202\117\125\122\044\145\255\133\371\214\141\135\362\176\317\153\173\116\241\000?}{subsubsection.4.0.1}% 111
\BOOKMARK [3][-]{subsubsection.4.0.18}{\376\377\173\200\217\360\137\072\000,\000\040\217\157\000,\000\040\137\061\000,\000\040\206\132\137\025\165\050\000?}{subsubsection.4.0.1}% 112
\BOOKMARK [1][-]{section.5}{\376\377\000R\000o\000c\000k\000e\000t\000M\000q}{}% 113
\BOOKMARK [2][-]{subsubsection.5.0.1}{\376\377\117\341\140\157\155\101}{section.5}% 114
\BOOKMARK [3][-]{subsubsection.5.0.2}{\376\377\155\210\140\157\226\037\122\027\131\202\117\125\117\335\213\301\155\210\140\157\123\357\227\140\117\040\217\223}{subsubsection.5.0.1}% 115
\BOOKMARK [3][-]{subsubsection.5.0.3}{\376\377\155\210\140\157\226\037\122\027\147\011\124\352\116\233\117\134\165\050}{subsubsection.5.0.1}% 116
\BOOKMARK [3][-]{subsubsection.5.0.4}{\376\377\000R\000o\000c\000k\000e\000t\000M\000Q\147\266\147\204\213\276\213\241}{subsubsection.5.0.1}% 117
\BOOKMARK [3][-]{subsubsection.5.0.5}{\376\377\000R\000o\000c\000k\000e\000t\000M\000Q\116\213\162\151\127\213\155\210\140\157}{subsubsection.5.0.1}% 118
\BOOKMARK [1][-]{section.6}{\376\377\000R\000e\000d\000i\000s}{}% 119
\BOOKMARK [2][-]{subsubsection.6.0.1}{\376\377\136\003\226\206\217\307\156\344\126\150}{section.6}% 120
\BOOKMARK [3][-]{subsubsection.6.0.2}{\376\377\131\202\117\125\211\343\121\263\136\166\123\321\145\160\143\156\116\000\201\364\140\047\225\356\230\230\000?}{subsubsection.6.0.1}% 121
\BOOKMARK [3][-]{subsubsection.6.0.3}{\376\377\000R\000e\000d\000i\000s\166\204\145\160\143\156\176\323\147\204\123\312\117\177\165\050\127\072\146\157}{subsubsection.6.0.1}% 122
\BOOKMARK [3][-]{subsubsection.6.0.4}{\376\377\000R\000e\000d\000i\000s\226\306\177\244\173\126\165\145}{subsubsection.6.0.1}% 123
\BOOKMARK [3][-]{subsubsection.6.0.5}{\376\377\116\300\116\110\146\057\000R\000e\000d\000i\000s\000?}{subsubsection.6.0.1}% 124
\BOOKMARK [3][-]{subsubsection.6.0.6}{\376\377\173\200\217\360\000R\000e\000d\000i\000s\123\125\176\277\172\013\152\041\127\213\000?}{subsubsection.6.0.1}% 125
\BOOKMARK [3][-]{subsubsection.6.0.7}{\376\377\000R\000e\000d\000i\000s\116\224\171\315\174\173\127\213\145\160\143\156\166\204\133\236\163\260\145\271\137\017}{subsubsection.6.0.1}% 126
\BOOKMARK [3][-]{subsubsection.6.0.8}{\376\377\000r\000e\000d\000i\000s\133\127\121\170\166\204\136\225\134\102\133\236\163\260\000h\000a\000s\000h\000T\000a\000b\000l\000e\166\370\121\163\225\356\230\230}{subsubsection.6.0.1}% 127
\BOOKMARK [3][-]{subsubsection.6.0.9}{\376\377\123\213\177\051\224\376\210\150\123\237\164\006\000z\000i\000p\000l\000i\000s\000t}{subsubsection.6.0.1}% 128
\BOOKMARK [3][-]{subsubsection.6.0.10}{\376\377\000z\000s\000e\000t}{subsubsection.6.0.1}% 129
\BOOKMARK [3][-]{subsubsection.6.0.11}{\376\377\000A\000O\000F\124\214\000R\000D\000B\116\044\171\315\143\001\116\105\123\026\145\271\137\017\123\072\122\053}{subsubsection.6.0.1}% 130
\BOOKMARK [3][-]{subsubsection.6.0.12}{\376\377\000R\000e\000d\000i\000s\116\055\217\307\147\037\173\126\165\145\124\214\177\023\133\130\155\330\154\160\147\072\122\066}{subsubsection.6.0.1}% 131
\BOOKMARK [3][-]{subsubsection.6.0.13}{\376\377\116\072\116\300\116\110\211\201\117\177\165\050\000R\000e\000d\000i\000s}{subsubsection.6.0.1}% 132
\BOOKMARK [3][-]{subsubsection.6.0.14}{\376\377\000R\000e\000d\000i\000s\136\225\134\102\133\236\163\260\215\363\210\150\116\313\176\315\116\000\116\013}{subsubsection.6.0.1}% 133
\BOOKMARK [3][-]{subsubsection.6.0.15}{\376\377\116\072\116\300\116\110\211\201\117\177\165\050\000R\000e\000d\000i\000s\200\014\116\015\165\050\000m\000a\000p\000/\000g\000u\000a\000v\000a\000C\000a\000c\000h\000e\120\132\177\023\133\130}{subsubsection.6.0.1}% 134
\BOOKMARK [3][-]{subsubsection.6.0.16}{\376\377\122\006\136\003\137\017\225\001\131\202\117\125\117\177\165\050\000r\000e\000d\000i\000s\133\236\163\260}{subsubsection.6.0.1}% 135
\BOOKMARK [3][-]{subsubsection.6.0.17}{\376\377\000R\000e\000d\000i\000s\166\204\121\205\133\130\155\330\154\160\173\126\165\145\147\011\124\352\116\233}{subsubsection.6.0.1}% 136
\BOOKMARK [3][-]{subsubsection.6.0.18}{\376\377\000R\000e\000d\000i\000s\116\213\162\151\166\204\151\202\137\365}{subsubsection.6.0.1}% 137
\BOOKMARK [3][-]{subsubsection.6.0.19}{\376\377\000R\000e\000d\000i\000s\000S\000h\000a\000r\000d\000i\000n\000g\225\356\230\230}{subsubsection.6.0.1}% 138
\BOOKMARK [3][-]{subsubsection.6.0.20}{\376\377\177\023\133\130\226\352\135\051}{subsubsection.6.0.1}% 139
\BOOKMARK [3][-]{subsubsection.6.0.21}{\376\377\177\023\133\130\172\177\220\017}{subsubsection.6.0.1}% 140
\BOOKMARK [3][-]{subsubsection.6.0.22}{\376\377\177\023\133\130\121\373\172\177}{subsubsection.6.0.1}% 141
\BOOKMARK [3][-]{subsubsection.6.0.23}{\376\377\177\023\133\130\230\204\160\355}{subsubsection.6.0.1}% 142
\BOOKMARK [3][-]{subsubsection.6.0.24}{\376\377\000R\000e\000d\000i\000s\0006\000.\0000\000\040\116\072\116\300\116\110\211\201\137\025\121\145\131\032\176\277\172\013\124\142\000?}{subsubsection.6.0.1}% 143
\BOOKMARK [3][-]{subsubsection.6.0.25}{\376\377\000R\000e\000d\000i\000s\116\073\116\316\131\015\122\066\152\041\137\017}{subsubsection.6.0.1}% 144
\BOOKMARK [3][-]{subsubsection.6.0.26}{\376\377\000R\000e\000d\000i\000s\116\055\143\001\116\105\123\026\147\072\122\066}{subsubsection.6.0.1}% 145
\BOOKMARK [1][-]{section.7}{\376\377\213\241\173\227\147\072\177\121\176\334}{}% 146
\BOOKMARK [2][-]{subsubsection.7.0.1}{\376\377\147\345\167\013\172\357\123\343\117\341\140\157}{section.7}% 147
\BOOKMARK [3][-]{subsubsection.7.0.2}{\376\377\000S\000Y\000N\145\073\121\373}{subsubsection.7.0.1}% 148
\BOOKMARK [3][-]{subsubsection.7.0.3}{\376\377\000a\000r\000p\123\117\213\256}{subsubsection.7.0.1}% 149
\BOOKMARK [3][-]{subsubsection.7.0.4}{\376\377\000D\000N\000S\217\307\172\013}{subsubsection.7.0.1}% 150
\BOOKMARK [3][-]{subsubsection.7.0.5}{\376\377\000T\000C\000P\131\202\117\125\117\335\213\301\123\357\227\140\140\047}{subsubsection.7.0.1}% 151
\BOOKMARK [3][-]{subsubsection.7.0.6}{\376\377\000T\000C\000P\142\245\145\207\131\064\220\350\121\205\133\271}{subsubsection.7.0.1}% 152
\BOOKMARK [3][-]{subsubsection.7.0.7}{\376\377\000T\000C\000P\116\011\153\041\143\341\142\113\124\214\126\333\153\041\143\045\142\113\171\072\141\017\126\376}{subsubsection.7.0.1}% 153
\BOOKMARK [3][-]{subsubsection.7.0.8}{\376\377\000T\000i\000m\000e\000\137\000w\000a\000i\000t\162\266\140\001}{subsubsection.7.0.1}% 154
\BOOKMARK [3][-]{subsubsection.7.0.9}{\376\377\000S\000Y\000N\000-\000R\000C\000V\000D\162\266\140\001}{subsubsection.7.0.1}% 155
\BOOKMARK [3][-]{subsubsection.7.0.10}{\376\377\000T\000C\000P\126\333\116\052\213\241\145\366\126\150}{subsubsection.7.0.1}% 156
\BOOKMARK [3][-]{subsubsection.7.0.11}{\376\377\000T\000C\000P\155\101\221\317\143\247\122\066}{subsubsection.7.0.1}% 157
\BOOKMARK [3][-]{subsubsection.7.0.12}{\376\377\000H\000T\000T\000P\000S\213\277\225\356\217\307\172\013\000,\000\040\000S\000S\000L\000\040\143\341\142\113\166\204\217\307\172\013}{subsubsection.7.0.1}% 158
\BOOKMARK [3][-]{subsubsection.7.0.13}{\376\377\213\241\173\227\147\072\177\121\176\334\122\006\134\102}{subsubsection.7.0.1}% 159
\BOOKMARK [3][-]{subsubsection.7.0.14}{\376\377\000T\000C\000P\124\214\000U\000D\000P\123\072\122\053\000?}{subsubsection.7.0.1}% 160
\BOOKMARK [3][-]{subsubsection.7.0.15}{\376\377\000T\000C\000P\116\011\153\041\143\341\142\113\166\370\121\163\225\356\230\230}{subsubsection.7.0.1}% 161
\BOOKMARK [3][-]{subsubsection.7.0.16}{\376\377\000T\000C\000P\126\333\153\041\143\045\142\113\225\356\230\230}{subsubsection.7.0.1}% 162
\BOOKMARK [3][-]{subsubsection.7.0.17}{\376\377\000T\000C\000P\123\117\213\256\000-\131\202\117\125\117\335\213\301\117\040\217\223\166\204\123\357\227\140\140\047}{subsubsection.7.0.1}% 163
\BOOKMARK [3][-]{subsubsection.7.0.18}{\376\377\000C\000o\000o\000k\000i\000e\117\134\165\050\000,\000\040\133\211\121\150\140\047\225\356\230\230\124\214\000S\000e\000s\000s\000i\000o\000n\166\204\153\324\217\203}{subsubsection.7.0.1}% 164
\BOOKMARK [3][-]{subsubsection.7.0.19}{\376\377\000H\000T\000T\000P\0001\000.\0001\000\040\124\214\000\040\000H\000T\000T\000P\0001\000.\0000\166\204\153\324\217\203}{subsubsection.7.0.1}% 165
\BOOKMARK [3][-]{subsubsection.7.0.20}{\376\377\000H\000T\000T\000P\0002\000.\0000\000\040\124\214\000\040\000H\000T\000T\000P\0001\000.\0001\166\204\153\324\217\203}{subsubsection.7.0.1}% 166
\BOOKMARK [3][-]{subsubsection.7.0.21}{\376\377\000H\000T\000T\000P\0003\000.\0000}{subsubsection.7.0.1}% 167
\BOOKMARK [3][-]{subsubsection.7.0.22}{\376\377\000H\000T\000T\000P\000S\122\240\133\306}{subsubsection.7.0.1}% 168
\BOOKMARK [3][-]{subsubsection.7.0.23}{\376\377\217\223\121\145\177\121\127\100\123\321\165\037\166\204\116\213\140\305}{subsubsection.7.0.1}% 169
\BOOKMARK [1][-]{section.8}{\376\377\000m\000y\000s\000q\000l}{}% 170
\BOOKMARK [2][-]{subsubsection.8.0.1}{\376\377\175\042\137\025\166\204\117\177\165\050\123\237\122\031}{section.8}% 171
\BOOKMARK [3][-]{subsubsection.8.0.2}{\376\377\116\073\225\056\201\352\130\236}{subsubsection.8.0.1}% 172
\BOOKMARK [3][-]{subsubsection.8.0.3}{\376\377\116\073\225\056\201\352\130\236\166\204\131\175\131\004}{subsubsection.8.0.1}% 173
\BOOKMARK [3][-]{subsubsection.8.0.4}{\376\377\210\114\225\001\000\040\121\161\116\253\225\001}{subsubsection.8.0.1}% 174
\BOOKMARK [3][-]{subsubsection.8.0.5}{\376\377\126\336\210\150}{subsubsection.8.0.1}% 175
\BOOKMARK [3][-]{subsubsection.8.0.6}{\376\377\000m\000y\000b\000a\000t\000i\000s\000\043\124\214\000\044\123\072\122\053\116\345\123\312\123\237\164\006}{subsubsection.8.0.1}% 176
\BOOKMARK [3][-]{subsubsection.8.0.7}{\376\377\000r\000e\000d\000o\000\040\000l\000o\000g\000\040\124\214\000\040\000u\000n\000d\000o\000\040\000l\000o\000g\000,\000\040\000b\000i\000n\000\040\000l\000o\000g\000\040}{subsubsection.8.0.1}% 177
\BOOKMARK [3][-]{subsubsection.8.0.8}{\376\377\226\224\171\273\176\247\122\053}{subsubsection.8.0.1}% 178
\BOOKMARK [3][-]{subsubsection.8.0.9}{\376\377\000A\000C\000I\000D}{subsubsection.8.0.1}% 179
\BOOKMARK [3][-]{subsubsection.8.0.10}{\376\377\116\120\211\302\225\001\124\214\140\262\211\302\225\001}{subsubsection.8.0.1}% 180
\BOOKMARK [3][-]{subsubsection.8.0.11}{\376\377\000M\000V\000C\000C}{subsubsection.8.0.1}% 181
\BOOKMARK [3][-]{subsubsection.8.0.12}{\376\377\000R\000R\124\214\000R\000C\226\224\171\273\176\247\122\053\116\013\166\204\000I\000n\000n\000o\000D\000B\137\353\161\147\213\373\147\011\116\300\116\110\123\072\122\053}{subsubsection.8.0.1}% 182
\BOOKMARK [3][-]{subsubsection.8.0.13}{\376\377\000B\000+\000/\000B\150\021\116\113\225\364\166\204\153\324\217\203}{subsubsection.8.0.1}% 183
\BOOKMARK [3][-]{subsubsection.8.0.14}{\376\377\200\132\226\306\175\042\137\025\000\046\227\136\200\132\226\306\175\042\137\025}{subsubsection.8.0.1}% 184
\BOOKMARK [3][-]{subsubsection.8.0.15}{\376\377\122\033\136\372\175\042\137\025\166\204\117\030\160\271}{subsubsection.8.0.1}% 185
\BOOKMARK [3][-]{subsubsection.8.0.16}{\376\377\122\033\136\372\175\042\137\025\166\204\177\072\160\271}{subsubsection.8.0.1}% 186
\BOOKMARK [3][-]{subsubsection.8.0.17}{\376\377\000M\000Y\000S\000Q\000L\117\030\123\026}{subsubsection.8.0.1}% 187
\BOOKMARK [3][-]{subsubsection.8.0.18}{\376\377\000I\000n\000n\000o\000D\000B\000\040\000\046\000\040\000M\000y\000I\000S\000A\000M}{subsubsection.8.0.1}% 188
\BOOKMARK [3][-]{subsubsection.8.0.19}{\376\377\122\033\136\372\133\130\120\250\217\307\172\013}{subsubsection.8.0.1}% 189
\BOOKMARK [3][-]{subsubsection.8.0.20}{\376\377\160\355\131\007\116\375\124\214\121\267\131\007\116\375}{subsubsection.8.0.1}% 190
\BOOKMARK [3][-]{subsubsection.8.0.21}{\376\377\000I\000n\000n\000o\000d\000e\122\240\225\001}{subsubsection.8.0.1}% 191
\BOOKMARK [3][-]{subsubsection.8.0.22}{\376\377\000I\000N\000N\000O\000D\000B\211\343\121\263\153\173\225\001}{subsubsection.8.0.1}% 192
\BOOKMARK [3][-]{subsubsection.8.0.23}{\376\377\000M\000y\000s\000q\000l\225\001\117\140\116\206\211\343\124\352\116\233}{subsubsection.8.0.1}% 193
\BOOKMARK [3][-]{subsubsection.8.0.24}{\376\377\000M\000y\000s\000q\000l\145\160\143\156\136\223\116\055\000,\000\040\116\300\116\110\140\305\121\265\116\013\213\276\177\156\116\206\175\042\137\025\117\106\146\057\145\340\154\325\117\177\165\050\000?}{subsubsection.8.0.1}% 194
\BOOKMARK [1][-]{section.9}{\376\377\144\315\117\134\174\373\176\337}{}% 195
\BOOKMARK [2][-]{subsubsection.9.0.1}{\376\377\121\161\116\253\121\205\133\130}{section.9}% 196
\BOOKMARK [3][-]{subsubsection.9.0.2}{\376\377\206\132\142\337\121\205\133\130}{subsubsection.9.0.1}% 197
\BOOKMARK [3][-]{subsubsection.9.0.3}{\376\377\116\012\116\013\145\207\117\341\140\157}{subsubsection.9.0.1}% 198
\BOOKMARK [3][-]{subsubsection.9.0.4}{\376\377\121\205\133\130\213\277\225\356}{subsubsection.9.0.1}% 199
\BOOKMARK [3][-]{subsubsection.9.0.5}{\376\377\123\077\124\015\173\241\220\123\124\214\124\175\124\015\173\241\220\123\166\204\123\072\122\053}{subsubsection.9.0.1}% 200
\BOOKMARK [3][-]{subsubsection.9.0.6}{\376\377\176\277\172\013\124\214\217\333\172\013\166\204\123\072\122\053}{subsubsection.9.0.1}% 201
\BOOKMARK [3][-]{subsubsection.9.0.7}{\376\377\123\117\172\013\116\016\176\277\172\013\217\333\210\114\153\324\217\203}{subsubsection.9.0.1}% 202
\BOOKMARK [3][-]{subsubsection.9.0.8}{\376\377\217\333\172\013\116\113\225\364\166\204\220\032\117\341\145\271\137\017\147\011\124\352\116\233\000?}{subsubsection.9.0.1}% 203
\BOOKMARK [3][-]{subsubsection.9.0.9}{\376\377\217\333\172\013\214\003\136\246\173\227\154\325}{subsubsection.9.0.1}% 204
\BOOKMARK [3][-]{subsubsection.9.0.10}{\376\377\000e\000p\000o\000l\000l\124\214\000p\000o\000l\000l\166\204\123\072\122\053}{subsubsection.9.0.1}% 205
\BOOKMARK [1][-]{section.10}{\376\377\213\276\213\241\152\041\137\017}{}% 206
\BOOKMARK [2][-]{subsubsection.10.0.1}{\376\377\131\032\176\277\172\013\116\013\123\125\117\213\213\276\213\241\152\041\137\017}{section.10}% 207
\BOOKMARK [3][-]{subsubsection.10.0.2}{\376\377\116\072\116\300\116\110\127\050\000w\000a\000i\000t\116\343\170\001\127\127\116\055\211\201\165\050\000w\000h\000i\000l\000e\200\014\116\015\165\050\000i\000f}{subsubsection.10.0.1}% 208
\BOOKMARK [3][-]{subsubsection.10.0.3}{\376\377\000S\000e\000r\000i\000a\000l\000i\000z\000a\000b\000l\000e}{subsubsection.10.0.1}% 209
\BOOKMARK [1][-]{section.11}{\376\377\000C\000+\000+}{}% 210
\BOOKMARK [2][-]{subsubsection.11.0.1}{\376\377\000m\000a\000p\000\040\124\214\000\040\000u\000n\000o\000r\000d\000e\000r\000e\000d\000\137\000m\000a\000p\000\040\116\015\124\014\160\271}{section.11}% 211
\BOOKMARK [3][-]{subsubsection.11.0.2}{\376\377\000C\000+\000+\000\040\116\015\200\375\221\315\217\175\166\204\217\320\173\227\173\046}{subsubsection.11.0.1}% 212
\BOOKMARK [3][-]{subsubsection.11.0.3}{\376\377\000C\000+\000+\000\040\131\202\147\234\116\000\116\052\174\173\116\055\154\241\147\011\116\373\117\125\134\136\140\047\000,\123\140\165\050\172\172\225\364\116\072\0001\000,\000\040\217\331\146\057\211\304\133\232}{subsubsection.11.0.1}% 213
\BOOKMARK [3][-]{subsubsection.11.0.4}{\376\377\217\324\126\336\137\025\165\050}{subsubsection.11.0.1}% 214
\BOOKMARK [3][-]{subsubsection.11.0.5}{\376\377\174\173\124\214\176\323\147\204\117\123\166\204\123\072\122\053}{subsubsection.11.0.1}% 215
\BOOKMARK [3][-]{subsubsection.11.0.6}{\376\377\174\173\166\204\131\047\134\017}{subsubsection.11.0.1}% 216
\BOOKMARK [3][-]{subsubsection.11.0.7}{\376\377\000C\000+\000+\000\040\121\205\133\130\133\371\237\120}{subsubsection.11.0.1}% 217
\BOOKMARK [3][-]{subsubsection.11.0.8}{\376\377\000C\000+\000+\0001\0001}{subsubsection.11.0.1}% 218
\BOOKMARK [3][-]{subsubsection.11.0.9}{\376\377\000C\000+\000+\0001\0004\162\171\140\047}{subsubsection.11.0.1}% 219
\BOOKMARK [3][-]{subsubsection.11.0.10}{\376\377\000C\000+\000+\0001\0007\162\171\140\047}{subsubsection.11.0.1}% 220
\BOOKMARK [3][-]{subsubsection.11.0.11}{\376\377\000C\000+\000+\0002\0000\162\171\140\047}{subsubsection.11.0.1}% 221
\BOOKMARK [3][-]{subsubsection.11.0.12}{\376\377\152\041\147\177\174\173\166\204\121\375\145\160\133\232\116\111}{subsubsection.11.0.1}% 222
\BOOKMARK [3][-]{subsubsection.11.0.13}{\376\377\134\076\220\022\137\122\166\204\133\236\163\260}{subsubsection.11.0.1}% 223
\BOOKMARK [3][-]{subsubsection.11.0.14}{\376\377\000s\000o\000c\000k\000e\000t\000\040\131\202\117\125\133\236\163\260\123\357\227\140\217\336\143\245}{subsubsection.11.0.1}% 224
\BOOKMARK [3][-]{subsubsection.11.0.15}{\376\377\000s\000e\000t\000,\000\040\000m\000u\000l\000t\000i\000s\000e\000t\000,\000\040\000m\000a\000p\000,\000\040\000m\000u\000l\000t\000i\000s\000e\000t}{subsubsection.11.0.1}% 225
\BOOKMARK [3][-]{subsubsection.11.0.16}{\376\377\133\232\116\111\166\204\227\131\140\001\121\150\134\100\123\330\221\317\117\134\165\050\116\216\146\057}{subsubsection.11.0.1}% 226
\BOOKMARK [3][-]{subsubsection.11.0.17}{\376\377\131\202\117\125\122\044\145\255\116\000\153\265\172\013\136\217\146\057\165\061\000C\177\026\213\321\126\150\177\026\213\321\217\330\146\057\165\061\000C\000+\000+\177\026\213\321\126\150\177\026\213\321\166\204}{subsubsection.11.0.1}% 227
\BOOKMARK [3][-]{subsubsection.11.0.18}{\376\377\127\050\000C\000+\000+\172\013\136\217\116\055\214\003\165\050\210\253\000C\177\026\213\321\126\150\177\026\213\321\124\016\166\204\121\375\145\160\000,\000\040\116\072\116\300\116\110\211\201\122\240\000e\000x\000t\000e\000r\000n\000"\000C\000"}{subsubsection.11.0.1}% 228
\BOOKMARK [3][-]{subsubsection.11.0.19}{\376\377\000C\000+\000+\000,\000\040\000c\000o\000n\000s\000t\211\304\122\031}{subsubsection.11.0.1}% 229
\BOOKMARK [3][-]{subsubsection.11.0.20}{\376\377\000C\000+\000+\000,\000\040\000c\000o\000n\000s\000t\000\040\124\214\000\040\000\043\000d\000e\000f\000i\000n\000e\000\040\116\113\225\364\166\204\123\072\122\053}{subsubsection.11.0.1}% 230
\BOOKMARK [3][-]{subsubsection.11.0.21}{\376\377\143\007\224\210\124\214\137\025\165\050\116\113\225\364\166\204\123\072\122\053}{subsubsection.11.0.1}% 231
\BOOKMARK [3][-]{subsubsection.11.0.22}{\376\377\000i\000n\000l\000i\000n\000e\166\204\117\030\122\243}{subsubsection.11.0.1}% 232
\BOOKMARK [3][-]{subsubsection.11.0.23}{\376\377\000C\000+\000+\0001\0001\147\011\116\300\116\110\117\140\117\177\165\050\122\060\166\204\145\260\162\171\140\047}{subsubsection.11.0.1}% 233
\BOOKMARK [3][-]{subsubsection.11.0.24}{\376\377\000C\000+\000+\116\055\147\011\000m\000a\000l\000l\000o\000c\000/\000f\000r\000e\000e\000,\000\040\116\072\116\300\116\110\217\330\227\000\211\201\000n\000e\000w\000/\000d\000e\000l\000e\000t\000e}{subsubsection.11.0.1}% 234
\BOOKMARK [3][-]{subsubsection.11.0.25}{\376\377\227\142\124\021\133\371\214\141\142\200\147\057\166\204\127\372\147\054\151\202\137\365\146\057\116\300\116\110\377\014\116\011\116\052\127\372\147\054\162\171\137\201\146\057\116\300\116\110\000?}{subsubsection.11.0.1}% 235
\BOOKMARK [3][-]{subsubsection.11.0.26}{\376\377\116\072\116\300\116\110\127\372\174\173\166\204\147\220\147\204\121\375\145\160\146\057\206\132\121\375\145\160\000?}{subsubsection.11.0.1}% 236
\BOOKMARK [3][-]{subsubsection.11.0.27}{\376\377\116\072\116\300\116\110\147\204\220\040\121\375\145\160\116\015\200\375\116\072\206\132\121\375\145\160\377\037}{subsubsection.11.0.1}% 237
\BOOKMARK [3][-]{subsubsection.11.0.28}{\376\377\131\202\147\234\206\132\121\375\145\160\146\057\147\011\145\110\166\204\377\014\220\243\116\072\116\300\116\110\116\015\142\212\142\100\147\011\121\375\145\160\213\276\116\072\206\132\121\375\145\160\377\037}{subsubsection.11.0.1}% 238
\BOOKMARK [3][-]{subsubsection.11.0.29}{\376\377\116\300\116\110\146\057\131\032\140\001\377\037\131\032\140\001\147\011\116\300\116\110\117\134\165\050\377\037}{subsubsection.11.0.1}% 239
\BOOKMARK [3][-]{subsubsection.11.0.30}{\376\377\221\315\217\175\124\214\211\206\166\326\147\011\116\300\116\110\123\072\122\053\377\037}{subsubsection.11.0.1}% 240
\BOOKMARK [3][-]{subsubsection.11.0.31}{\376\377\116\300\116\110\146\057\206\132\143\007\224\210\377\037}{subsubsection.11.0.1}% 241
\BOOKMARK [3][-]{subsubsection.11.0.32}{\376\377\000m\000a\000i\000n\121\375\145\160\142\147\210\114\116\113\122\115\117\032\142\147\210\114\116\300\116\110\377\037\142\147\210\114\116\113\124\016\217\330\200\375\142\147\210\114\116\343\170\001\124\027\377\037}{subsubsection.11.0.1}% 242
\BOOKMARK [3][-]{subsubsection.11.0.33}{\376\377\176\317\136\070\211\201\144\315\117\134\166\204\121\205\133\130\122\006\116\072\220\243\121\340\116\052\174\173\122\053\377\037}{subsubsection.11.0.1}% 243
\BOOKMARK [3][-]{subsubsection.11.0.34}{\376\377\224\376\143\245\126\150}{subsubsection.11.0.1}% 244
\BOOKMARK [3][-]{subsubsection.11.0.35}{\376\377\173\046\123\367\210\150\166\204\117\134\165\050}{subsubsection.11.0.1}% 245
\BOOKMARK [3][-]{subsubsection.11.0.36}{\376\377\121\375\145\160\143\007\224\210\116\016\143\007\224\210\121\375\145\160}{subsubsection.11.0.1}% 246
\BOOKMARK [3][-]{subsubsection.11.0.37}{\376\377\121\205\220\350\217\336\143\245\124\214\131\026\220\350\224\376\143\245\147\011\116\300\116\110\123\072\122\053\000?}{subsubsection.11.0.1}% 247
\BOOKMARK [3][-]{subsubsection.11.0.38}{\376\377\130\360\146\016\116\016\133\232\116\111\166\204\123\072\122\053}{subsubsection.11.0.1}% 248
\BOOKMARK [3][-]{subsubsection.11.0.39}{\376\377\177\026\213\321\224\376\143\245\217\307\172\013}{subsubsection.11.0.1}% 249
\BOOKMARK [3][-]{subsubsection.11.0.40}{\376\377\000C\000+\000+\121\375\145\160\116\055\120\074\166\204\117\040\220\022\145\271\137\017\147\011\124\352\121\340\171\315\000?}{subsubsection.11.0.1}% 250
\BOOKMARK [3][-]{subsubsection.11.0.41}{\376\377\117\341\123\367\221\317\124\214\116\222\145\245\221\317}{subsubsection.11.0.1}% 251
\BOOKMARK [3][-]{subsubsection.11.0.42}{\376\377\000R\000V\000O\124\214\000N\000R\000V\000O}{subsubsection.11.0.1}% 252
\BOOKMARK [3][-]{subsubsection.11.0.43}{\376\377\124\054\213\364\217\307\000m\000a\000n\000g\000l\000i\000n\000g\116\110\377\037}{subsubsection.11.0.1}% 253
\BOOKMARK [3][-]{subsubsection.11.0.44}{\376\377\152\041\147\177\116\343\170\001\131\202\117\125\176\304\176\307\377\037\152\041\147\177\166\204\177\026\213\321\116\345\123\312\133\236\117\213\123\026\217\307\172\013\377\037}{subsubsection.11.0.1}% 254
\BOOKMARK [3][-]{subsubsection.11.0.45}{\376\377\000C\000+\000+\116\055\126\333\171\315\000C\000a\000s\000t\166\204\117\177\165\050\127\072\146\157}{subsubsection.11.0.1}% 255
\BOOKMARK [3][-]{subsubsection.11.0.46}{\376\377\000C\000+\000+\116\300\116\110\146\057\136\070\221\317\142\230\123\340}{subsubsection.11.0.1}% 256
\BOOKMARK [3][-]{subsubsection.11.0.47}{\376\377\116\072\116\300\116\110\000c\000o\000n\000s\000t\117\356\231\160\142\020\124\130\121\375\145\160\124\016\116\015\200\375\117\356\145\071\142\020\124\130\123\330\221\317}{subsubsection.11.0.1}% 257
\BOOKMARK [3][-]{subsubsection.11.0.48}{\376\377\000a\000u\000t\000o\000\137\000p\000t\000r\000\040\210\253\137\003\165\050\116\206}{subsubsection.11.0.1}% 258
\BOOKMARK [3][-]{subsubsection.11.0.49}{\376\377\000c\000o\000n\000s\000t\000\040\000i\000n\000t\000*}{subsubsection.11.0.1}% 259
\BOOKMARK [3][-]{subsubsection.11.0.50}{\376\377\000C\000+\000+\146\172\200\375\143\007\224\210}{subsubsection.11.0.1}% 260
\BOOKMARK [3][-]{subsubsection.11.0.51}{\376\377\000C\000+\000+\116\016\000j\000a\000v\000a\166\204\116\015\124\014\160\271}{subsubsection.11.0.1}% 261
\BOOKMARK [3][-]{subsubsection.11.0.52}{\376\377\000C\000+\000+\137\002\136\070\124\214\000j\000a\000v\000a\137\002\136\070\131\004\164\006\166\204\133\371\153\324}{subsubsection.11.0.1}% 262
\BOOKMARK [3][-]{subsubsection.11.0.53}{\376\377\000C\000+\000+\206\132\121\375\145\160\123\237\164\006}{subsubsection.11.0.1}% 263
\BOOKMARK [3][-]{subsubsection.11.0.54}{\376\377\000C\000+\000+\206\132\121\375\145\160\210\150\166\204\137\000\225\000}{subsubsection.11.0.1}% 264
\BOOKMARK [3][-]{subsubsection.11.0.55}{\376\377\000e\000p\000o\000l\000l\154\064\136\163\211\346\123\321\000\046\000e\000p\000o\000l\000l\217\271\177\030\211\346\123\321}{subsubsection.11.0.1}% 265
\BOOKMARK [3][-]{subsubsection.11.0.56}{\376\377\117\040\176\337\000I\000O\124\214\000m\000m\000a\000p}{subsubsection.11.0.1}% 266
\BOOKMARK [3][-]{subsubsection.11.0.57}{\376\377\000w\000r\000i\000t\000e\000\040\124\214\000\040\000f\000w\000r\000i\000t\000e}{subsubsection.11.0.1}% 267
\BOOKMARK [1][-]{section.12}{\376\377\230\171\166\356\211\343\147\220}{}% 268
\BOOKMARK [2][-]{subsubsection.12.0.1}{\376\377\123\116\116\072\217\157\116\366\174\276\202\361\143\021\142\030\215\133\0002\0000\0002\0000}{section.12}% 269
\BOOKMARK [3][-]{subsubsection.12.0.2}{\376\377\123\116\116\072\217\157\116\366\174\276\202\361\143\021\142\030\215\133\0002\0000\0002\0001}{subsubsection.12.0.1}% 270
\BOOKMARK [3][-]{subsubsection.12.0.3}{\376\377\145\160\133\146\136\372\152\041\0002\0000\0002\0000}{subsubsection.12.0.1}% 271
\BOOKMARK [3][-]{subsubsection.12.0.4}{\376\377\116\113\154\137\131\051\147\242\155\361\136\246\133\146\116\140\123\357\211\306\123\026\230\171\166\356}{subsubsection.12.0.1}% 272
\BOOKMARK [3][-]{subsubsection.12.0.5}{\376\377\137\353\116\120\141\125\125\106\127\316\165\065\125\106\124\016\123\360\230\171\166\356\116\313\176\315}{subsubsection.12.0.1}% 273
\BOOKMARK [3][-]{subsubsection.12.0.6}{\376\377\171\322\147\100\230\171\166\356\116\313\176\315}{subsubsection.12.0.1}% 274
\BOOKMARK [1][-]{section.13}{\376\377\156\070\142\017\137\000\123\321}{}% 275
\BOOKMARK [2][-]{subsubsection.13.0.1}{\376\377\156\062\147\323\173\241\176\277}{section.13}% 276
\BOOKMARK [1][-]{section.14}{\376\377\201\352\142\021}{}% 277
\BOOKMARK [2][-]{subsubsection.14.0.1}{\376\377\201\352\142\021\116\313\176\315}{section.14}% 278
\BOOKMARK [3][-]{subsubsection.14.0.2}{\376\377\201\352\142\021\116\313\176\315\202\361\145\207\162\110\147\054}{subsubsection.14.0.1}% 279
\BOOKMARK [3][-]{subsubsection.14.0.3}{\376\377\117\030\177\072\160\271}{subsubsection.14.0.1}% 280
\BOOKMARK [3][-]{subsubsection.14.0.4}{\376\377\131\202\117\125\167\013\137\205\123\116\116\072\145\207\123\026}{subsubsection.14.0.1}% 281
\BOOKMARK [3][-]{subsubsection.14.0.5}{\376\377\220\107\122\060\166\204\126\360\226\276\116\345\123\312\211\343\121\263\122\236\154\325\000?}{subsubsection.14.0.1}% 282
\BOOKMARK [3][-]{subsubsection.14.0.6}{\376\377\147\052\147\145\0003\000\040\0005\136\164\166\204\211\304\122\022\124\214\200\114\116\032\166\356\150\007\146\057\116\300\116\110\377\037}{subsubsection.14.0.1}% 283
\BOOKMARK [3][-]{subsubsection.14.0.7}{\376\377\122\240\121\145\116\015\124\014\230\171\166\356\176\304\213\244\116\072\201\352\135\361\166\204\147\177\127\127\146\057\147\000\221\315\211\201\166\204\377\014\154\241\147\011\123\312\145\366\176\331\117\140\221\115\124\010\142\026\200\005\117\140\220\107\122\060\221\115\124\010\116\012\377\014\217\333\136\246\116\012\166\204\225\356\230\230\131\202\117\125\211\343\121\263\377\037}{subsubsection.14.0.1}% 284
\BOOKMARK [3][-]{subsubsection.14.0.8}{\376\377\123\315\225\356}{subsubsection.14.0.1}% 285
\BOOKMARK [3][-]{subsubsection.14.0.9}{\376\377\116\072\116\300\116\110\213\373\170\024}{subsubsection.14.0.1}% 286
\BOOKMARK [1][-]{section.15}{\376\377\213\276\213\241\152\041\137\017}{}% 287
\BOOKMARK [2][-]{subsubsection.15.0.1}{\376\377\135\345\123\202\152\041\137\017}{section.15}% 288
\BOOKMARK [3][-]{subsubsection.15.0.2}{\376\377\123\125\117\213\152\041\137\017}{subsubsection.15.0.1}% 289
\BOOKMARK [3][-]{subsubsection.15.0.3}{\376\377\116\055\116\313\152\041\137\017}{subsubsection.15.0.1}% 290
\BOOKMARK [3][-]{subsubsection.15.0.4}{\376\377\116\343\164\006\152\041\137\017}{subsubsection.15.0.1}% 291
\BOOKMARK [1][-]{section.16}{\376\377\136\070\165\050\173\227\154\325\230\230\116\345\123\312\140\035\215\357}{}% 292
\BOOKMARK [2][-]{subsubsection.16.0.1}{\376\377\000`\000\040\000`\000\045\000%\000%\000`\000\043\000`\000\046\0001\0002\000\137\000`\000\137\000\137\000~\000~\000~\sub\000s\000u\000b\000s\000e\000c\000t\000i\000o\000n\000.\0001\0006\000.\0000\000.\0001}{section.16}% 293
\BOOKMARK [1][-]{section.17}{\376\377\146\172\122\233\230\230}{}% 294
\BOOKMARK [2][-]{subsubsection.17.0.1}{\376\377\116\000\150\071\221\321\147\141\377\014\227\000\211\201\116\330\176\331\135\345\116\272\377\014\135\345\116\272\135\345\117\134\116\003\131\051\377\014\227\000\211\201\153\317\131\051\176\331\116\326\116\000\153\265\0001\000/\0007\166\204\221\321\147\141\377\014\131\202\117\125\117\335\213\301\122\007\116\044\122\000\134\061\133\214\142\020\116\373\122\241\060\002}{section.17}% 295
\BOOKMARK [3][-]{subsubsection.17.0.2}{\376\377\155\105\214\010\116\000\116\013\0001\0000\0000\0000\164\366\154\064\147\011\121\163\140\035\215\357\000\050\126\376\211\343\000\051\116\016\165\050\000j\000a\000v\000a\116\343\170\001\121\167\117\123\211\343\121\263\145\271\150\110}{subsubsection.17.0.1}% 296
\BOOKMARK [1][-]{section.18}{\376\377\174\373\176\337\213\276\213\241\230\230}{}% 297
\BOOKMARK [2][-]{subsubsection.18.0.1}{\376\377\122\006\136\003\137\017\000I\000D\165\037\142\020\126\150}{section.18}% 298
\BOOKMARK [1][-]{section.19}{\376\377\000b\000a\000s\000h}{}% 299
\BOOKMARK [2][-]{subsubsection.19.0.1}{\376\377\000a\000w\000k\000\040\124\175\116\344}{section.19}% 300
\BOOKMARK [3][-]{subsubsection.19.0.2}{\376\377\142\176\121\372\220\243\116\233\000j\000s\145\207\116\366\154\241\147\011\213\276\177\156\131\175\147\103\226\120}{subsubsection.19.0.1}% 301
\BOOKMARK [1][-]{section.20}{\376\377\121\154\122\241\124\130\140\073\211\310}{}% 302
\BOOKMARK [1][-]{section.21}{\376\377\145\160\221\317\121\163\174\373\140\073\211\310}{}% 303
\BOOKMARK [2][-]{subsection.21.1}{\376\377\122\006\145\160}{section.21}% 304
\BOOKMARK [2][-]{subsection.21.2}{\376\377\120\015\145\160}{section.21}% 305
\BOOKMARK [2][-]{subsection.21.3}{\376\377\131\107\120\166\162\171\140\047}{section.21}% 306
\BOOKMARK [2][-]{subsection.21.4}{\376\377\120\015\145\160\162\171\140\047}{section.21}% 307
\BOOKMARK [2][-]{subsection.21.5}{\376\377\145\271\172\013\154\325}{section.21}% 308
\BOOKMARK [2][-]{subsection.21.6}{\376\377\215\113\120\074\154\325}{section.21}% 309
\BOOKMARK [2][-]{subsection.21.7}{\376\377\173\111\215\335\171\273\136\163\127\107\220\037\136\246\121\154\137\017}{section.21}% 310
\BOOKMARK [2][-]{subsection.21.8}{\376\377\122\051\155\246\163\207\225\356\230\230}{section.21}% 311
\BOOKMARK [2][-]{subsection.21.9}{\376\377\156\266\215\050\225\356\230\230}{section.21}% 312
\BOOKMARK [2][-]{subsection.21.10}{\376\377\143\222\122\027\176\304\124\010}{section.21}% 313
\BOOKMARK [2][-]{subsection.21.11}{\376\377\121\340\117\125}{section.21}% 314
\BOOKMARK [2][-]{subsection.21.12}{\376\377\124\150\147\037\225\356\230\230}{section.21}% 315
\BOOKMARK [2][-]{subsection.21.13}{\376\377\121\150\225\031\213\357\143\222\122\027}{section.21}% 316
\BOOKMARK [2][-]{subsection.21.14}{\376\377\116\011\226\306\124\010\133\271\145\245\123\237\164\006}{section.21}% 317
\BOOKMARK [2][-]{subsection.21.15}{\376\377\217\375\123\312\225\356\230\230}{section.21}% 318
\BOOKMARK [2][-]{subsection.21.16}{\376\377\116\343\121\145\143\222\226\144\154\325}{section.21}% 319
\BOOKMARK [1][-]{section.22}{\376\377\122\044\145\255\143\250\164\006\140\073\211\310}{}% 320
\BOOKMARK [2][-]{subsection.22.1}{\376\377\143\250\164\006}{section.22}% 321
\BOOKMARK [1][-]{section.23}{\376\377\136\070\213\306\140\073\211\310}{}% 322
\BOOKMARK [1][-]{section.24}{\376\377\215\104\145\231\122\006\147\220\140\073\211\310}{}% 323
\BOOKMARK [2][-]{subsection.24.1}{\376\377\147\057\213\355}{section.24}% 324
\BOOKMARK [2][-]{subsection.24.2}{\376\377\162\171\133\232\123\206\123\362\145\366\147\037}{section.24}% 325
\BOOKMARK [2][-]{subsection.24.3}{\376\377\176\323\147\204\226\005\213\373\154\325}{section.24}% 326
\BOOKMARK [2][-]{subsection.24.4}{\376\377\225\364\226\224\130\236\225\177\163\207}{section.24}% 327
\BOOKMARK [2][-]{subsection.24.5}{\376\377\136\164\127\107\130\236\225\177\163\207}{section.24}% 328
\BOOKMARK [2][-]{subsection.24.6}{\376\377\127\372\147\037\120\015\145\160\121\154\137\017}{section.24}% 329
\BOOKMARK [2][-]{subsection.24.7}{\376\377\116\044\147\037\130\236\225\177\153\324\221\315}{section.24}% 330
\BOOKMARK [2][-]{subsection.24.8}{\376\377\136\163\127\107\130\236\225\177\221\317}{section.24}% 331
\BOOKMARK [2][-]{subsection.24.9}{\376\377\136\163\127\107\130\236\225\177\163\207}{section.24}% 332
\BOOKMARK [2][-]{subsection.24.10}{\376\377\122\240\220\037\213\241\173\227}{section.24}% 333
\BOOKMARK [1][-]{section.25}{\376\377\212\000\213\355\140\073\211\310}{}% 334
\BOOKMARK [1][-]{section.26}{\376\377\165\063\213\272\140\073\211\310}{}% 335
\BOOKMARK [1][-]{section.27}{\376\377\121\154\122\241\124\130\210\145\121\105}{}% 336
\BOOKMARK [1][-]{section.28}{\376\377\145\160\221\317\121\163\174\373}{}% 337
\BOOKMARK [2][-]{subsection.28.1}{\376\377\117\213\230\230\000:\000\040\127\006\150\114\121\154\137\017}{section.28}% 338
\BOOKMARK [2][-]{subsection.28.2}{\376\377\117\213\230\230\000:\000\040\124\150\147\037\121\154\137\017}{section.28}% 339
\BOOKMARK [1][-]{section.29}{\376\377\122\044\145\255\143\250\164\006}{}% 340
\BOOKMARK [2][-]{subsection.29.1}{\376\377\117\213\230\230}{section.29}% 341
\BOOKMARK [1][-]{section.30}{\376\377\136\070\213\306}{}% 342
\BOOKMARK [1][-]{section.31}{\376\377\215\104\145\231\122\006\147\220}{}% 343
\BOOKMARK [1][-]{section.32}{\376\377\212\000\213\355}{}% 344
\BOOKMARK [2][-]{subsection.32.1}{\376\377\142\020\213\355\171\357\175\057}{section.32}% 345
\BOOKMARK [1][-]{section.33}{\376\377\165\063\213\272}{}% 346
\BOOKMARK [1][-]{section.34}{\376\377\202\361\213\355}{}% 347
\BOOKMARK [1][-]{section.35}{\376\377\226\104\137\125\000:\000\040\166\370\121\163\150\067\117\213}{}% 348
\BOOKMARK [2][-]{subsubsection.35.0.1}{\376\377\134\017\176\303\116\140}{section.35}% 349
\BOOKMARK [3][-]{subsubsection.35.0.2}{\376\377\116\011\176\247\150\007\230\230}{subsubsection.35.0.1}% 350
\BOOKMARK [3][-]{subsubsection.35.0.3}{\376\377\173\054\116\214\116\052\116\011\176\247\150\007\230\230}{subsubsection.35.0.1}% 351
\BOOKMARK [3][-]{subsubsection.35.0.4}{\376\377\173\054\116\011\116\052\116\011\176\247\150\007\230\230}{subsubsection.35.0.1}% 352
\BOOKMARK [1][-]{section.36}{\376\377\121\154\137\017\166\204\121\231\117\134}{}% 353
\BOOKMARK [2][-]{subsubsection.36.0.1}{\376\377\176\303\116\140}{section.36}% 354
\BOOKMARK [3][-]{subsubsection.36.0.2}{\376\377\210\150\150\074\166\204\143\322\121\145}{subsubsection.36.0.1}% 355
