This is XeTeX, Version 3.141592653-2.6-0.999993 (TeX Live 2021/W32TeX) (preloaded format=xelatex 2021.11.21)  27 NOV 2021 14:27
entering extended mode
 restricted \write18 enabled.
 file:line:error style messages enabled.
 %&-line parsing enabled.
**document
(./document.tex
LaTeX2e <2021-11-15>
L3 programming layer <2021-11-12> (e:/winsoft/texlive/texlive/2021/texmf-dist/tex/latex/ctex/ctexart.cls (e:/winsoft/texlive/texlive/2021/texmf-dist/tex/latex/ctex/config/ctexbackend.cfg
File: ctexbackend.cfg 2021/06/20 v2.5.7 Backend configuration file (CTEX)
) (e:/winsoft/texlive/texlive/2021/texmf-dist/tex/latex/l3kernel/expl3.sty
Package: expl3 2021-11-12 L3 programming layer (loader) 
 (e:/winsoft/texlive/texlive/2021/texmf-dist/tex/latex/l3backend/l3backend-xetex.def
File: l3backend-xetex.def 2021-10-18 L3 backend support: XeTeX
 (|extractbb --version)
\c__kernel_sys_dvipdfmx_version_int=\count179
\l__color_backend_stack_int=\count180
\g__color_backend_stack_int=\count181
\g__graphics_track_int=\count182
\l__pdf_internal_box=\box50
\g__pdf_backend_object_int=\count183
\g__pdf_backend_annotation_int=\count184
\g__pdf_backend_link_int=\count185
))
Document Class: ctexart 2021/06/20 v2.5.7 Chinese adapter for class article (CTEX)
(e:/winsoft/texlive/texlive/2021/texmf-dist/tex/latex/l3packages/xparse/xparse.sty
Package: xparse 2021-11-12 L3 Experimental document command parser
) (e:/winsoft/texlive/texlive/2021/texmf-dist/tex/latex/l3packages/l3keys2e/l3keys2e.sty
Package: l3keys2e 2021-11-12 LaTeX2e option processing using LaTeX3 keys
) (e:/winsoft/texlive/texlive/2021/texmf-dist/tex/latex/ctex/ctexhook.sty
Package: ctexhook 2021/06/20 v2.5.7 Document and package hooks (CTEX)
) (e:/winsoft/texlive/texlive/2021/texmf-dist/tex/latex/ctex/ctexpatch.sty
Package: ctexpatch 2021/06/20 v2.5.7 Patching commands (CTEX)
) (e:/winsoft/texlive/texlive/2021/texmf-dist/tex/latex/base/fix-cm.sty
Package: fix-cm 2020/11/24 v1.1t fixes to LaTeX
 (e:/winsoft/texlive/texlive/2021/texmf-dist/tex/latex/base/ts1enc.def
File: ts1enc.def 2001/06/05 v3.0e (jk/car/fm) Standard LaTeX file
LaTeX Font Info:    Redeclaring font encoding TS1 on input line 47.
))
\l__ctex_tmp_int=\count186
\l__ctex_tmp_box=\box51
\l__ctex_tmp_dim=\dimen138
\g__ctex_section_depth_int=\count187
\g__ctex_font_size_int=\count188
 (e:/winsoft/texlive/texlive/2021/texmf-dist/tex/latex/ctex/config/ctexopts.cfg
File: ctexopts.cfg 2021/06/20 v2.5.7 Option configuration file (CTEX)
) (e:/winsoft/texlive/texlive/2021/texmf-dist/tex/latex/base/article.cls
Document Class: article 2021/10/04 v1.4n Standard LaTeX document class
(e:/winsoft/texlive/texlive/2021/texmf-dist/tex/latex/base/size10.clo
File: size10.clo 2021/10/04 v1.4n Standard LaTeX file (size option)
)
\c@part=\count189
\c@section=\count190
\c@subsection=\count191
\c@subsubsection=\count192
\c@paragraph=\count193
\c@subparagraph=\count194
\c@figure=\count195
\c@table=\count196
\abovecaptionskip=\skip47
\belowcaptionskip=\skip48
\bibindent=\dimen139
) (e:/winsoft/texlive/texlive/2021/texmf-dist/tex/latex/ctex/engine/ctex-engine-xetex.def
File: ctex-engine-xetex.def 2021/06/20 v2.5.7 XeLaTeX adapter (CTEX)
 (e:/winsoft/texlive/texlive/2021/texmf-dist/tex/xelatex/xecjk/xeCJK.sty
Package: xeCJK 2021/06/20 v3.8.7 Typesetting CJK scripts with XeLaTeX
 (e:/winsoft/texlive/texlive/2021/texmf-dist/tex/latex/l3packages/xtemplate/xtemplate.sty
Package: xtemplate 2021-11-12 L3 Experimental prototype document functions
\l__xtemplate_tmp_dim=\dimen140
\l__xtemplate_tmp_int=\count197
\l__xtemplate_tmp_muskip=\muskip16
\l__xtemplate_tmp_skip=\skip49
)
\l__xeCJK_tmp_int=\count198
\l__xeCJK_tmp_box=\box52
\l__xeCJK_tmp_dim=\dimen141
\l__xeCJK_tmp_skip=\skip50
\g__xeCJK_space_factor_int=\count199
\l__xeCJK_begin_int=\count266
\l__xeCJK_end_int=\count267
\c__xeCJK_CJK_class_int=\XeTeXcharclass1
\c__xeCJK_FullLeft_class_int=\XeTeXcharclass2
\c__xeCJK_FullRight_class_int=\XeTeXcharclass3
\c__xeCJK_HalfLeft_class_int=\XeTeXcharclass4
\c__xeCJK_HalfRight_class_int=\XeTeXcharclass5
\c__xeCJK_NormalSpace_class_int=\XeTeXcharclass6
\c__xeCJK_CM_class_int=\XeTeXcharclass7
\c__xeCJK_HangulJamo_class_int=\XeTeXcharclass8
\l__xeCJK_last_skip=\skip51
\g__xeCJK_node_int=\count268
\c__xeCJK_CJK_node_dim=\dimen142
\c__xeCJK_CJK-space_node_dim=\dimen143
\c__xeCJK_default_node_dim=\dimen144
\c__xeCJK_default-space_node_dim=\dimen145
\c__xeCJK_CJK-widow_node_dim=\dimen146
\c__xeCJK_normalspace_node_dim=\dimen147
\l__xeCJK_ccglue_skip=\skip52
\l__xeCJK_ecglue_skip=\skip53
\l__xeCJK_punct_kern_skip=\skip54
\l__xeCJK_last_penalty_int=\count269
\l__xeCJK_last_bound_dim=\dimen148
\l__xeCJK_last_kern_dim=\dimen149
\l__xeCJK_widow_penalty_int=\count270

Package xtemplate Info: Declaring object type 'xeCJK/punctuation' taking 0
(xtemplate)             argument(s) on line 2335.

\l__xeCJK_fixed_punct_width_dim=\dimen150
\l__xeCJK_mixed_punct_width_dim=\dimen151
\l__xeCJK_middle_punct_width_dim=\dimen152
\l__xeCJK_fixed_margin_width_dim=\dimen153
\l__xeCJK_mixed_margin_width_dim=\dimen154
\l__xeCJK_middle_margin_width_dim=\dimen155
\l__xeCJK_bound_punct_width_dim=\dimen156
\l__xeCJK_bound_margin_width_dim=\dimen157
\l__xeCJK_margin_minimum_dim=\dimen158
\l__xeCJK_kerning_total_width_dim=\dimen159
\l__xeCJK_same_align_margin_dim=\dimen160
\l__xeCJK_different_align_margin_dim=\dimen161
\l__xeCJK_kerning_margin_width_dim=\dimen162
\l__xeCJK_kerning_margin_minimum_dim=\dimen163
\l__xeCJK_bound_dim=\dimen164
\l__xeCJK_reverse_bound_dim=\dimen165
\l__xeCJK_margin_dim=\dimen166
\l__xeCJK_minimum_bound_dim=\dimen167
\l__xeCJK_kerning_margin_dim=\dimen168
\g__xeCJK_family_int=\count271
\l__xeCJK_fam_int=\count272
\g__xeCJK_fam_allocation_int=\count273
\l__xeCJK_verb_case_int=\count274
\l__xeCJK_verb_exspace_skip=\skip55
 (e:/winsoft/texlive/texlive/2021/texmf-dist/tex/latex/fontspec/fontspec.sty
Package: fontspec 2020/02/21 v2.7i Font selection for XeLaTeX and LuaLaTeX
 (e:/winsoft/texlive/texlive/2021/texmf-dist/tex/latex/fontspec/fontspec-xetex.sty
Package: fontspec-xetex 2020/02/21 v2.7i Font selection for XeLaTeX and LuaLaTeX
\l__fontspec_script_int=\count275
\l__fontspec_language_int=\count276
\l__fontspec_strnum_int=\count277
\l__fontspec_tmp_int=\count278
\l__fontspec_tmpa_int=\count279
\l__fontspec_tmpb_int=\count280
\l__fontspec_tmpc_int=\count281
\l__fontspec_em_int=\count282
\l__fontspec_emdef_int=\count283
\l__fontspec_strong_int=\count284
\l__fontspec_strongdef_int=\count285
\l__fontspec_tmpa_dim=\dimen169
\l__fontspec_tmpb_dim=\dimen170
\l__fontspec_tmpc_dim=\dimen171
 (e:/winsoft/texlive/texlive/2021/texmf-dist/tex/latex/base/fontenc.sty
Package: fontenc 2021/04/29 v2.0v Standard LaTeX package
) (e:/winsoft/texlive/texlive/2021/texmf-dist/tex/latex/fontspec/fontspec.cfg)))

LaTeX hooks Warning: Generic hook 'package/after/pifont' is deprecated.
(hooks)              Use hook 'package/pifont/after' instead.


LaTeX hooks Warning: Generic hook 'package/after/unicode-math' is deprecated.
(hooks)              Use hook 'package/unicode-math/after' instead.


LaTeX hooks Warning: Generic hook 'package/after/microtype' is deprecated.
(hooks)              Use hook 'package/microtype/after' instead.


LaTeX hooks Warning: Generic hook 'package/after/hyperref' is deprecated.
(hooks)              Use hook 'package/hyperref/after' instead.


LaTeX hooks Warning: Generic hook 'package/after/cprotect' is deprecated.
(hooks)              Use hook 'package/cprotect/after' instead.


LaTeX hooks Warning: Generic hook 'package/after/listings' is deprecated.
(hooks)              Use hook 'package/listings/after' instead.


LaTeX hooks Warning: Generic hook 'package/after/everysel' is deprecated.
(hooks)              Use hook 'package/everysel/after' instead.


LaTeX hooks Warning: Generic hook 'package/before/CJKnumb' is deprecated.
(hooks)              Use hook 'package/CJKnumb/before' instead.


LaTeX hooks Warning: Generic hook 'package/after/CJKnumb' is deprecated.
(hooks)              Use hook 'package/CJKnumb/after' instead.

(e:/winsoft/texlive/texlive/2021/texmf-dist/tex/xelatex/xecjk/xeCJK.cfg
File: xeCJK.cfg 2021/06/20 v3.8.7 Configuration file for xeCJK package
))

LaTeX hooks Warning: Generic hook 'package/after/xeCJKfntef' is deprecated.
(hooks)              Use hook 'package/xeCJKfntef/after' instead.

\ccwd=\dimen172
\l__ctex_ccglue_skip=\skip56
)
\l__ctex_ziju_dim=\dimen173
 (e:/winsoft/texlive/texlive/2021/texmf-dist/tex/latex/zhnumber/zhnumber.sty
Package: zhnumber 2020/05/01 v2.8 Typesetting numbers with Chinese glyphs
\l__zhnum_scale_int=\count286
 (e:/winsoft/texlive/texlive/2021/texmf-dist/tex/latex/zhnumber/zhnumber-utf8.cfg
File: zhnumber-utf8.cfg 2020/05/01 v2.8 Chinese numerals with UTF8 encoding
))

LaTeX hooks Warning: Generic hook 'package/after/enumitem' is deprecated.
(hooks)              Use hook 'package/enumitem/after' instead.

\l__ctex_heading_skip=\skip57

LaTeX hooks Warning: Generic hook 'package/after/nameref' is deprecated.
(hooks)              Use hook 'package/nameref/after' instead.


LaTeX hooks Warning: Generic hook 'package/after/titlesec' is deprecated.
(hooks)              Use hook 'package/titlesec/after' instead.


LaTeX hooks Warning: Generic hook 'package/after/titleps' is deprecated.
(hooks)              Use hook 'package/titleps/after' instead.


LaTeX hooks Warning: Generic hook 'package/after/tocloft' is deprecated.
(hooks)              Use hook 'package/tocloft/after' instead.


LaTeX hooks Warning: Generic hook 'package/after/titletoc' is deprecated.
(hooks)              Use hook 'package/titletoc/after' instead.


LaTeX hooks Warning: Generic hook 'package/after/fancyhdr' is deprecated.
(hooks)              Use hook 'package/fancyhdr/after' instead.


LaTeX hooks Warning: Generic hook 'package/after/cleveref' is deprecated.
(hooks)              Use hook 'package/cleveref/after' instead.

(e:/winsoft/texlive/texlive/2021/texmf-dist/tex/latex/ctex/scheme/ctex-scheme-chinese-article.def
File: ctex-scheme-chinese-article.def 2021/06/20 v2.5.7 Chinese scheme for article (CTEX)
 (e:/winsoft/texlive/texlive/2021/texmf-dist/tex/latex/ctex/config/ctex-name-utf8.cfg
File: ctex-name-utf8.cfg 2021/06/20 v2.5.7 Caption with encoding UTF-8 (CTEX)
)) (e:/winsoft/texlive/texlive/2021/texmf-dist/tex/latex/ctex/ctex-c5size.clo
File: ctex-c5size.clo 2021/06/20 v2.5.7 c5size option (CTEX)
) (e:/winsoft/texlive/texlive/2021/texmf-dist/tex/latex/ctex/fontset/ctex-fontset-windows.def
File: ctex-fontset-windows.def 2021/06/20 v2.5.7 Windows fonts definition (CTEX)

Package fontspec Info: Could not resolve font "KaiTi/B" (it probably doesn't
(fontspec)             exist).


Package fontspec Info: Could not resolve font "SimHei/I" (it probably doesn't
(fontspec)             exist).


Package fontspec Info: Could not resolve font "SimSun/BI" (it probably doesn't
(fontspec)             exist).


Package fontspec Info: Font family 'SimSun(0)' created for font 'SimSun' with
(fontspec)             options
(fontspec)             [Script={CJK},BoldFont={SimHei},ItalicFont={KaiTi}].
(fontspec)              
(fontspec)              This font family consists of the following NFSS
(fontspec)             series/shapes:
(fontspec)              
(fontspec)             - 'normal' (m/n) with NFSS spec.:
(fontspec)             <->"SimSun/OT:script=hani;language=dflt;"
(fontspec)             - 'small caps'  (m/sc) with NFSS spec.: 
(fontspec)             - 'bold' (b/n) with NFSS spec.:
(fontspec)             <->"SimHei/OT:script=hani;language=dflt;"
(fontspec)             - 'bold small caps'  (b/sc) with NFSS spec.: 
(fontspec)             - 'italic' (m/it) with NFSS spec.:
(fontspec)             <->"KaiTi/OT:script=hani;language=dflt;"
(fontspec)             - 'italic small caps'  (m/scit) with NFSS spec.: 

)) (e:/winsoft/texlive/texlive/2021/texmf-dist/tex/latex/ctex/config/ctex.cfg
File: ctex.cfg 2021/06/20 v2.5.7 Configuration file (CTEX)
) (e:/winsoft/texlive/texlive/2021/texmf-dist/tex/latex/mathtools/mathtools.sty
Package: mathtools 2021/04/12 v1.27 mathematical typesetting tools
 (e:/winsoft/texlive/texlive/2021/texmf-dist/tex/latex/graphics/keyval.sty
Package: keyval 2014/10/28 v1.15 key=value parser (DPC)
\KV@toks@=\toks16
) (e:/winsoft/texlive/texlive/2021/texmf-dist/tex/latex/tools/calc.sty
Package: calc 2017/05/25 v4.3 Infix arithmetic (KKT,FJ)
\calc@Acount=\count287
\calc@Bcount=\count288
\calc@Adimen=\dimen174
\calc@Bdimen=\dimen175
\calc@Askip=\skip58
\calc@Bskip=\skip59
LaTeX Info: Redefining \setlength on input line 80.
LaTeX Info: Redefining \addtolength on input line 81.
\calc@Ccount=\count289
\calc@Cskip=\skip60
) (e:/winsoft/texlive/texlive/2021/texmf-dist/tex/latex/mathtools/mhsetup.sty
Package: mhsetup 2021/03/18 v1.4 programming setup (MH)
) (e:/winsoft/texlive/texlive/2021/texmf-dist/tex/latex/amsmath/amsmath.sty
Package: amsmath 2021/10/15 v2.17l AMS math features
\@mathmargin=\skip61

For additional information on amsmath, use the `?' option.
(e:/winsoft/texlive/texlive/2021/texmf-dist/tex/latex/amsmath/amstext.sty
Package: amstext 2021/08/26 v2.01 AMS text
 (e:/winsoft/texlive/texlive/2021/texmf-dist/tex/latex/amsmath/amsgen.sty
File: amsgen.sty 1999/11/30 v2.0 generic functions
\@emptytoks=\toks17
\ex@=\dimen176
)) (e:/winsoft/texlive/texlive/2021/texmf-dist/tex/latex/amsmath/amsbsy.sty
Package: amsbsy 1999/11/29 v1.2d Bold Symbols
\pmbraise@=\dimen177
) (e:/winsoft/texlive/texlive/2021/texmf-dist/tex/latex/amsmath/amsopn.sty
Package: amsopn 2021/08/26 v2.02 operator names
)
\inf@bad=\count290
LaTeX Info: Redefining \frac on input line 234.
\uproot@=\count291
\leftroot@=\count292
LaTeX Info: Redefining \overline on input line 399.
\classnum@=\count293
\DOTSCASE@=\count294
LaTeX Info: Redefining \ldots on input line 496.
LaTeX Info: Redefining \dots on input line 499.
LaTeX Info: Redefining \cdots on input line 620.
\Mathstrutbox@=\box53
\strutbox@=\box54
\big@size=\dimen178
LaTeX Font Info:    Redeclaring font encoding OML on input line 743.
LaTeX Font Info:    Redeclaring font encoding OMS on input line 744.
\macc@depth=\count295
\c@MaxMatrixCols=\count296
\dotsspace@=\muskip17
\c@parentequation=\count297
\dspbrk@lvl=\count298
\tag@help=\toks18
\row@=\count299
\column@=\count300
\maxfields@=\count301
\andhelp@=\toks19
\eqnshift@=\dimen179
\alignsep@=\dimen180
\tagshift@=\dimen181
\tagwidth@=\dimen182
\totwidth@=\dimen183
\lineht@=\dimen184
\@envbody=\toks20
\multlinegap=\skip62
\multlinetaggap=\skip63
\mathdisplay@stack=\toks21
LaTeX Info: Redefining \[ on input line 2938.
LaTeX Info: Redefining \] on input line 2939.
)
LaTeX Info: Thecontrolsequence`\('isalreadyrobust on input line 130.
LaTeX Info: Thecontrolsequence`\)'isalreadyrobust on input line 130.
LaTeX Info: Thecontrolsequence`\['isalreadyrobust on input line 130.
LaTeX Info: Thecontrolsequence`\]'isalreadyrobust on input line 130.
\g_MT_multlinerow_int=\count302
\l_MT_multwidth_dim=\dimen185
\origjot=\skip64
\l_MT_shortvdotswithinadjustabove_dim=\dimen186
\l_MT_shortvdotswithinadjustbelow_dim=\dimen187
\l_MT_above_intertext_sep=\dimen188
\l_MT_below_intertext_sep=\dimen189
\l_MT_above_shortintertext_sep=\dimen190
\l_MT_below_shortintertext_sep=\dimen191
\xmathstrut@box=\box55
\xmathstrut@dim=\dimen192
) (e:/winsoft/texlive/texlive/2021/texmf-dist/tex/latex/booktabs/booktabs.sty
Package: booktabs 2020/01/12 v1.61803398 Publication quality tables
\heavyrulewidth=\dimen193
\lightrulewidth=\dimen194
\cmidrulewidth=\dimen195
\belowrulesep=\dimen196
\belowbottomsep=\dimen197
\aboverulesep=\dimen198
\abovetopsep=\dimen199
\cmidrulesep=\dimen256
\cmidrulekern=\dimen257
\defaultaddspace=\dimen258
\@cmidla=\count303
\@cmidlb=\count304
\@aboverulesep=\dimen259
\@belowrulesep=\dimen260
\@thisruleclass=\count305
\@lastruleclass=\count306
\@thisrulewidth=\dimen261
) (e:/winsoft/texlive/texlive/2021/texmf-dist/tex/latex/graphics/graphicx.sty
Package: graphicx 2021/09/16 v1.2d Enhanced LaTeX Graphics (DPC,SPQR)
 (e:/winsoft/texlive/texlive/2021/texmf-dist/tex/latex/graphics/graphics.sty
Package: graphics 2021/03/04 v1.4d Standard LaTeX Graphics (DPC,SPQR)
 (e:/winsoft/texlive/texlive/2021/texmf-dist/tex/latex/graphics/trig.sty
Package: trig 2021/08/11 v1.11 sin cos tan (DPC)
) (e:/winsoft/texlive/texlive/2021/texmf-dist/tex/latex/graphics-cfg/graphics.cfg
File: graphics.cfg 2016/06/04 v1.11 sample graphics configuration
)
Package graphics Info: Driver file: xetex.def on input line 107.
 (e:/winsoft/texlive/texlive/2021/texmf-dist/tex/latex/graphics-def/xetex.def
File: xetex.def 2021/03/18 v5.0k Graphics/color driver for xetex
))
\Gin@req@height=\dimen262
\Gin@req@width=\dimen263
) (e:/winsoft/texlive/texlive/2021/texmf-dist/tex/latex/listings/listings.sty
\lst@mode=\count307
\lst@gtempboxa=\box56
\lst@token=\toks22
\lst@length=\count308
\lst@currlwidth=\dimen264
\lst@column=\count309
\lst@pos=\count310
\lst@lostspace=\dimen265
\lst@width=\dimen266
\lst@newlines=\count311
\lst@lineno=\count312
\lst@maxwidth=\dimen267
 (e:/winsoft/texlive/texlive/2021/texmf-dist/tex/latex/listings/lstmisc.sty
File: lstmisc.sty 2020/03/24 1.8d (Carsten Heinz)
\c@lstnumber=\count313
\lst@skipnumbers=\count314
\lst@framebox=\box57
) (e:/winsoft/texlive/texlive/2021/texmf-dist/tex/latex/listings/listings.cfg
File: listings.cfg 2020/03/24 1.8d listings configuration
))
Package: listings 2020/03/24 1.8d (Carsten Heinz)
 (e:/winsoft/texlive/texlive/2021/texmf-dist/tex/xelatex/xecjk/xeCJK-listings.sty
Package: xeCJK-listings 2021/06/20 v3.8.7 xeCJK patch file for listings
\l__xeCJK_listings_max_char_int=\count315
\l__xeCJK_listings_flag_int=\count316
) (e:/winsoft/texlive/texlive/2021/texmf-dist/tex/latex/xcolor/xcolor.sty
Package: xcolor 2021/10/31 v2.13 LaTeX color extensions (UK)
 (e:/winsoft/texlive/texlive/2021/texmf-dist/tex/latex/graphics-cfg/color.cfg
File: color.cfg 2016/01/02 v1.6 sample color configuration
)
Package xcolor Info: Driver file: xetex.def on input line 227.
Package xcolor Info: Model `cmy' substituted by `cmy0' on input line 1352.
Package xcolor Info: Model `RGB' extended on input line 1368.
Package xcolor Info: Model `HTML' substituted by `rgb' on input line 1370.
Package xcolor Info: Model `Hsb' substituted by `hsb' on input line 1371.
Package xcolor Info: Model `tHsb' substituted by `hsb' on input line 1372.
Package xcolor Info: Model `HSB' substituted by `hsb' on input line 1373.
Package xcolor Info: Model `Gray' substituted by `gray' on input line 1374.
Package xcolor Info: Model `wave' substituted by `hsb' on input line 1375.
) (e:/winsoft/texlive/texlive/2021/texmf-dist/tex/latex/url/url.sty
\Urlmuskip=\muskip18
Package: url 2013/09/16  ver 3.4  Verb mode for urls, etc.
) (e:/winsoft/texlive/texlive/2021/texmf-dist/tex/latex/hyperref/hyperref.sty
Package: hyperref 2021-06-07 v7.00m Hypertext links for LaTeX
 (e:/winsoft/texlive/texlive/2021/texmf-dist/tex/generic/ltxcmds/ltxcmds.sty
Package: ltxcmds 2020-05-10 v1.25 LaTeX kernel commands for general use (HO)
) (e:/winsoft/texlive/texlive/2021/texmf-dist/tex/generic/iftex/iftex.sty
Package: iftex 2020/03/06 v1.0d TeX engine tests
) (e:/winsoft/texlive/texlive/2021/texmf-dist/tex/generic/pdftexcmds/pdftexcmds.sty
Package: pdftexcmds 2020-06-27 v0.33 Utility functions of pdfTeX for LuaTeX (HO)
 (e:/winsoft/texlive/texlive/2021/texmf-dist/tex/generic/infwarerr/infwarerr.sty
Package: infwarerr 2019/12/03 v1.5 Providing info/warning/error messages (HO)
)
Package pdftexcmds Info: \pdf@primitive is available.
Package pdftexcmds Info: \pdf@ifprimitive is available.
Package pdftexcmds Info: \pdfdraftmode not found.
) (e:/winsoft/texlive/texlive/2021/texmf-dist/tex/generic/kvsetkeys/kvsetkeys.sty
Package: kvsetkeys 2019/12/15 v1.18 Key value parser (HO)
) (e:/winsoft/texlive/texlive/2021/texmf-dist/tex/generic/kvdefinekeys/kvdefinekeys.sty
Package: kvdefinekeys 2019-12-19 v1.6 Define keys (HO)
) (e:/winsoft/texlive/texlive/2021/texmf-dist/tex/generic/pdfescape/pdfescape.sty
Package: pdfescape 2019/12/09 v1.15 Implements pdfTeX's escape features (HO)
) (e:/winsoft/texlive/texlive/2021/texmf-dist/tex/latex/hycolor/hycolor.sty
Package: hycolor 2020-01-27 v1.10 Color options for hyperref/bookmark (HO)
) (e:/winsoft/texlive/texlive/2021/texmf-dist/tex/latex/letltxmacro/letltxmacro.sty
Package: letltxmacro 2019/12/03 v1.6 Let assignment for LaTeX macros (HO)
) (e:/winsoft/texlive/texlive/2021/texmf-dist/tex/latex/auxhook/auxhook.sty
Package: auxhook 2019-12-17 v1.6 Hooks for auxiliary files (HO)
) (e:/winsoft/texlive/texlive/2021/texmf-dist/tex/latex/kvoptions/kvoptions.sty
Package: kvoptions 2020-10-07 v3.14 Key value format for package options (HO)
)
\@linkdim=\dimen268
\Hy@linkcounter=\count317
\Hy@pagecounter=\count318
 (e:/winsoft/texlive/texlive/2021/texmf-dist/tex/latex/hyperref/pd1enc.def
File: pd1enc.def 2021-06-07 v7.00m Hyperref: PDFDocEncoding definition (HO)
) (e:/winsoft/texlive/texlive/2021/texmf-dist/tex/latex/hyperref/hyperref-langpatches.def
File: hyperref-langpatches.def 2021-06-07 v7.00m Hyperref: patches for babel languages
) (e:/winsoft/texlive/texlive/2021/texmf-dist/tex/generic/intcalc/intcalc.sty
Package: intcalc 2019/12/15 v1.3 Expandable calculations with integers (HO)
) (e:/winsoft/texlive/texlive/2021/texmf-dist/tex/generic/etexcmds/etexcmds.sty
Package: etexcmds 2019/12/15 v1.7 Avoid name clashes with e-TeX commands (HO)
)
\Hy@SavedSpaceFactor=\count319
 (e:/winsoft/texlive/texlive/2021/texmf-dist/tex/latex/hyperref/puenc.def
File: puenc.def 2021-06-07 v7.00m Hyperref: PDF Unicode definition (HO)
)
Package hyperref Info: Option `unicode' set `true' on input line 4073.
Package hyperref Info: Option `unicode' set `true' on input line 4073.
Package hyperref Info: Hyper figures OFF on input line 4192.
Package hyperref Info: Link nesting OFF on input line 4197.
Package hyperref Info: Hyper index ON on input line 4200.
Package hyperref Info: Plain pages OFF on input line 4207.
Package hyperref Info: Backreferencing OFF on input line 4212.
Package hyperref Info: Implicit mode ON; LaTeX internals redefined.
Package hyperref Info: Bookmarks ON on input line 4445.
\c@Hy@tempcnt=\count320
LaTeX Info: Redefining \url on input line 4804.
\XeTeXLinkMargin=\dimen269
 (e:/winsoft/texlive/texlive/2021/texmf-dist/tex/generic/bitset/bitset.sty
Package: bitset 2019/12/09 v1.3 Handle bit-vector datatype (HO)
 (e:/winsoft/texlive/texlive/2021/texmf-dist/tex/generic/bigintcalc/bigintcalc.sty
Package: bigintcalc 2019/12/15 v1.5 Expandable calculations on big integers (HO)
))
\Fld@menulength=\count321
\Field@Width=\dimen270
\Fld@charsize=\dimen271
Package hyperref Info: Hyper figures OFF on input line 6076.
Package hyperref Info: Link nesting OFF on input line 6081.
Package hyperref Info: Hyper index ON on input line 6084.
Package hyperref Info: backreferencing OFF on input line 6091.
Package hyperref Info: Link coloring OFF on input line 6096.
Package hyperref Info: Link coloring with OCG OFF on input line 6101.
Package hyperref Info: PDF/A mode OFF on input line 6106.
LaTeX Info: Redefining \ref on input line 6146.
LaTeX Info: Redefining \pageref on input line 6150.
 (e:/winsoft/texlive/texlive/2021/texmf-dist/tex/latex/base/atbegshi-ltx.sty
Package: atbegshi-ltx 2021/01/10 v1.0c Emulation of the original atbegshi
package with kernel methods
)
\Hy@abspage=\count322
\c@Item=\count323
\c@Hfootnote=\count324
)
Package hyperref Info: Driver (autodetected): hxetex.
 (e:/winsoft/texlive/texlive/2021/texmf-dist/tex/latex/hyperref/hxetex.def
File: hxetex.def 2021-06-07 v7.00m Hyperref driver for XeTeX
 (e:/winsoft/texlive/texlive/2021/texmf-dist/tex/generic/stringenc/stringenc.sty
Package: stringenc 2019/11/29 v1.12 Convert strings between diff. encodings (HO)
)
\pdfm@box=\box58
\c@Hy@AnnotLevel=\count325
\HyField@AnnotCount=\count326
\Fld@listcount=\count327
\c@bookmark@seq@number=\count328
 (e:/winsoft/texlive/texlive/2021/texmf-dist/tex/latex/rerunfilecheck/rerunfilecheck.sty
Package: rerunfilecheck 2019/12/05 v1.9 Rerun checks for auxiliary files (HO)
 (e:/winsoft/texlive/texlive/2021/texmf-dist/tex/latex/base/atveryend-ltx.sty
Package: atveryend-ltx 2020/08/19 v1.0a Emulation of the original atveryend package
with kernel methods
) (e:/winsoft/texlive/texlive/2021/texmf-dist/tex/generic/uniquecounter/uniquecounter.sty
Package: uniquecounter 2019/12/15 v1.4 Provide unlimited unique counter (HO)
)
Package uniquecounter Info: New unique counter `rerunfilecheck' on input line 286.
)
\Hy@SectionHShift=\skip65
) (e:/winsoft/texlive/texlive/2021/texmf-dist/tex/latex/listings/lstlang1.sty
File: lstlang1.sty 2020/03/24 1.8d listings language file
) (e:/winsoft/texlive/texlive/2021/texmf-dist/tex/latex/listings/lstmisc.sty
File: lstmisc.sty 2020/03/24 1.8d (Carsten Heinz)
)
No file document.aux.
\openout1 = `document.aux'.

LaTeX Font Info:    Checking defaults for OML/cmm/m/it on input line 27.
LaTeX Font Info:    ... okay on input line 27.
LaTeX Font Info:    Checking defaults for OMS/cmsy/m/n on input line 27.
LaTeX Font Info:    ... okay on input line 27.
LaTeX Font Info:    Checking defaults for OT1/cmr/m/n on input line 27.
LaTeX Font Info:    ... okay on input line 27.
LaTeX Font Info:    Checking defaults for T1/cmr/m/n on input line 27.
LaTeX Font Info:    ... okay on input line 27.
LaTeX Font Info:    Checking defaults for TS1/cmr/m/n on input line 27.
LaTeX Font Info:    ... okay on input line 27.
LaTeX Font Info:    Checking defaults for TU/lmr/m/n on input line 27.
LaTeX Font Info:    ... okay on input line 27.
LaTeX Font Info:    Checking defaults for OMX/cmex/m/n on input line 27.
LaTeX Font Info:    ... okay on input line 27.
LaTeX Font Info:    Checking defaults for U/cmr/m/n on input line 27.
LaTeX Font Info:    ... okay on input line 27.
LaTeX Font Info:    Checking defaults for PD1/pdf/m/n on input line 27.
LaTeX Font Info:    ... okay on input line 27.
LaTeX Font Info:    Checking defaults for PU/pdf/m/n on input line 27.
LaTeX Font Info:    ... okay on input line 27.

Package fontspec Info: Adjusting the maths setup (use [no-math] to avoid
(fontspec)             this).

\symlegacymaths=\mathgroup4
LaTeX Font Info:    Overwriting symbol font `legacymaths' in version `bold'
(Font)                  OT1/cmr/m/n --> OT1/cmr/bx/n on input line 27.
LaTeX Font Info:    Redeclaring math accent \acute on input line 27.
LaTeX Font Info:    Redeclaring math accent \grave on input line 27.
LaTeX Font Info:    Redeclaring math accent \ddot on input line 27.
LaTeX Font Info:    Redeclaring math accent \tilde on input line 27.
LaTeX Font Info:    Redeclaring math accent \bar on input line 27.
LaTeX Font Info:    Redeclaring math accent \breve on input line 27.
LaTeX Font Info:    Redeclaring math accent \check on input line 27.
LaTeX Font Info:    Redeclaring math accent \hat on input line 27.
LaTeX Font Info:    Redeclaring math accent \dot on input line 27.
LaTeX Font Info:    Redeclaring math accent \mathring on input line 27.
LaTeX Font Info:    Redeclaring math symbol \Gamma on input line 27.
LaTeX Font Info:    Redeclaring math symbol \Delta on input line 27.
LaTeX Font Info:    Redeclaring math symbol \Theta on input line 27.
LaTeX Font Info:    Redeclaring math symbol \Lambda on input line 27.
LaTeX Font Info:    Redeclaring math symbol \Xi on input line 27.
LaTeX Font Info:    Redeclaring math symbol \Pi on input line 27.
LaTeX Font Info:    Redeclaring math symbol \Sigma on input line 27.
LaTeX Font Info:    Redeclaring math symbol \Upsilon on input line 27.
LaTeX Font Info:    Redeclaring math symbol \Phi on input line 27.
LaTeX Font Info:    Redeclaring math symbol \Psi on input line 27.
LaTeX Font Info:    Redeclaring math symbol \Omega on input line 27.
LaTeX Font Info:    Redeclaring math symbol \mathdollar on input line 27.
LaTeX Font Info:    Redeclaring symbol font `operators' on input line 27.
LaTeX Font Info:    Encoding `OT1' has changed to `TU' for symbol font
(Font)              `operators' in the math version `normal' on input line 27.
LaTeX Font Info:    Overwriting symbol font `operators' in version `normal'
(Font)                  OT1/cmr/m/n --> TU/lmr/m/n on input line 27.
LaTeX Font Info:    Encoding `OT1' has changed to `TU' for symbol font
(Font)              `operators' in the math version `bold' on input line 27.
LaTeX Font Info:    Overwriting symbol font `operators' in version `bold'
(Font)                  OT1/cmr/bx/n --> TU/lmr/m/n on input line 27.
LaTeX Font Info:    Overwriting symbol font `operators' in version `normal'
(Font)                  TU/lmr/m/n --> TU/lmr/m/n on input line 27.
LaTeX Font Info:    Overwriting math alphabet `\mathit' in version `normal'
(Font)                  OT1/cmr/m/it --> TU/lmr/m/it on input line 27.
LaTeX Font Info:    Overwriting math alphabet `\mathbf' in version `normal'
(Font)                  OT1/cmr/bx/n --> TU/lmr/b/n on input line 27.
LaTeX Font Info:    Overwriting math alphabet `\mathsf' in version `normal'
(Font)                  OT1/cmss/m/n --> TU/lmss/m/n on input line 27.
LaTeX Font Info:    Overwriting math alphabet `\mathtt' in version `normal'
(Font)                  OT1/cmtt/m/n --> TU/lmtt/m/n on input line 27.
LaTeX Font Info:    Overwriting symbol font `operators' in version `bold'
(Font)                  TU/lmr/m/n --> TU/lmr/b/n on input line 27.
LaTeX Font Info:    Overwriting math alphabet `\mathit' in version `bold'
(Font)                  OT1/cmr/bx/it --> TU/lmr/b/it on input line 27.
LaTeX Font Info:    Overwriting math alphabet `\mathsf' in version `bold'
(Font)                  OT1/cmss/bx/n --> TU/lmss/b/n on input line 27.
LaTeX Font Info:    Overwriting math alphabet `\mathtt' in version `bold'
(Font)                  OT1/cmtt/m/n --> TU/lmtt/b/n on input line 27.
\c@lstlisting=\count329
Package hyperref Info: Link coloring OFF on input line 27.
(e:/winsoft/texlive/texlive/2021/texmf-dist/tex/latex/hyperref/nameref.sty
Package: nameref 2021-04-02 v2.47 Cross-referencing by name of section
 (e:/winsoft/texlive/texlive/2021/texmf-dist/tex/latex/refcount/refcount.sty
Package: refcount 2019/12/15 v3.6 Data extraction from label references (HO)
) (e:/winsoft/texlive/texlive/2021/texmf-dist/tex/generic/gettitlestring/gettitlestring.sty
Package: gettitlestring 2019/12/15 v1.6 Cleanup title references (HO)
)
\c@section@level=\count330
)
LaTeX Info: Redefining \ref on input line 27.
LaTeX Info: Redefining \pageref on input line 27.
LaTeX Info: Redefining \nameref on input line 27.
\@outlinefile=\write3
\openout3 = `document.out'.



Package hyperref Warning: Rerun to get /PageLabels entry.

\tf@toc=\write4
\openout4 = `document.toc'.

[1

]

Package hyperref Warning: Difference (2) between bookmark levels is greater 
(hyperref)                than one, level fixed on input line 36.

File: figures/cpumem.jpg Graphic file (type bmp)
<figures/cpumem.jpg>
LaTeX Font Info:    Font shape `TU/SimSun(0)/m/sl' in size <10.53937> not available
(Font)              Font shape `TU/SimSun(0)/m/it' tried instead on input line 66.
[2]

Package hyperref Warning: Difference (2) between bookmark levels is greater 
(hyperref)                than one, level fixed on input line 79.

[3] [4]
Overfull \hbox (11.8953pt too wide) in paragraph at lines 128--129
[]\TU/lmr/m/n/10.53937 Spring \TU/SimSun(0)/m/n/10.53937 中 的 \TU/lmr/m/n/10.53937 org.springframework.beans \TU/SimSun(0)/m/n/10.53937 包 和 \TU/lmr/m/n/10.53937 org.springframework.conext
 []

[5]
File: figures/bean_live.jpg Graphic file (type bmp)
<figures/bean_live.jpg>
 [6]
Overfull \hbox (8.42018pt too wide) in paragraph at lines 164--164
[]\TU/lmr/m/n/10.53937 (10) \TU/SimSun(0)/m/n/10.53937 如 果 \TU/lmr/m/n/10.53937 bean \TU/SimSun(0)/m/n/10.53937 实 现 了 \TU/lmr/m/n/10.53937 DisposableBean \TU/SimSun(0)/m/n/10.53937 接 口，| \TU/lmr/m/n/10.53937 Spring \TU/SimSun(0)/m/n/10.53937 将 调 用 它 的 \TU/lmr/m/n/10.53937 destory()
 []

[7]
File: figures/SpringModelAndView.png Graphic file (type bmp)
<figures/SpringModelAndView.png>


Package hyperref Warning: Difference (2) between bookmark levels is greater 
(hyperref)                than one, level fixed on input line 202.

[8]
File: figures/shuangqin.png Graphic file (type bmp)
<figures/shuangqin.png>


LaTeX Font Warning: Font shape `OMX/cmex/m/n' in size <10.53937> not available
(Font)              size <10.95> substituted on input line 232.


Overfull \hbox (121.39073pt too wide) detected at line 234
\OML/cmm/m/it/10.53937 List < String > ss \OT1/cmr/m/n/10.53937 = \OML/cmm/m/it/10.53937 list:stream\OT1/cmr/m/n/10.53937 ()\OML/cmm/m/it/10.53937 :filter\OT1/cmr/m/n/10.53937 (\OML/cmm/m/it/10.53937 element\OMS/cmsy/m/n/10.53937 ^^@ \OML/cmm/m/it/10.53937 > null\OT1/cmr/m/n/10.53937 ! = \OML/cmm/m/it/10.53937 element\OT1/cmr/m/n/10.53937 )\OML/cmm/m/it/10.53937 :collect\OT1/cmr/m/n/10.53937 (\OML/cmm/m/it/10.53937 Collectors:toList\OT1/cmr/m/n/10.53937 ());
 []

[9]

Package fontspec Info: Could not resolve font "FangSong/BI" (it probably
(fontspec)             doesn't exist).


Package fontspec Info: Could not resolve font "FangSong/B" (it probably
(fontspec)             doesn't exist).


Package fontspec Info: Could not resolve font "FangSong/I" (it probably
(fontspec)             doesn't exist).


Package fontspec Info: Font family 'FangSong(0)' created for font 'FangSong'
(fontspec)             with options [Script={CJK}].
(fontspec)              
(fontspec)              This font family consists of the following NFSS
(fontspec)             series/shapes:
(fontspec)              
(fontspec)             - 'normal' (m/n) with NFSS spec.:
(fontspec)             <->"FangSong/OT:script=hani;language=dflt;"
(fontspec)             - 'small caps'  (m/sc) with NFSS spec.: 


Overfull \hbox (13.8341pt too wide) in paragraph at lines 245--247
[]\TU/SimSun(0)/m/n/10.53937 参 照 图 解 []$[][][][][] [] [] [] [][][][] [] [][][][] [] [][][] [] [][][][][][][][][][][][][][] [] [][][][][][][] [] [][][][][][][] []
 []

[10]
Overfull \hbox (111.91301pt too wide) in paragraph at lines 278--279
[]\TU/SimSun(0)/m/n/10.53937 可 以 定 义 \TU/lmr/m/n/10.53937 @Target(value= ElementType.TYPE,ElementType.METHOD,ElementType.FIELD)
 []

[11] [12] [13]
Overfull \hbox (1.46182pt too wide) in paragraph at lines 383--384
[]\TU/SimSun(0)/m/n/10.53937 从 \TU/lmr/m/n/10.53937 JDK1.7 \TU/SimSun(0)/m/n/10.53937 版 本 的 \TU/lmr/m/n/10.53937 ReentrantLock+Segment+ \TU/SimSun(0)/m/n/10.53937 采 用 链 表 存 储，|  到 \TU/lmr/m/n/10.53937 JDK1.8
 []


Overfull \hbox (24.66861pt too wide) in paragraph at lines 394--395
[][]$[][][][][] [] [] [] [][][][] [] [][][][] [] [][][] [] [][][][][][][][][][][][][][] [] [][][][][][][] [] [][][][][][][] [] [][][][][][][][][] []
 []


Overfull \hbox (9.6921pt too wide) in paragraph at lines 404--404
[]\TU/lmr/m/n/10.53937 4. \TU/SimSun(0)/m/n/10.53937 使 用 \TU/lmr/m/n/10.53937 jstack \TU/SimSun(0)/m/n/10.53937 来 查 看 \TU/lmr/m/n/10.53937 dump \TU/SimSun(0)/m/n/10.53937 文 件 []$[][][][][] [] [] [] [][][][] [] [][][][] [] [][][] [] [][][][][][][][][][] []
 []

[14] [15]
File: figures/redission.png Graphic file (type bmp)
<figures/redission.png>

Overfull \hbox (38.70662pt too wide) in paragraph at lines 439--439
[]\TU/lmr/m/n/10.53937 2. \TU/SimSun(0)/m/n/10.53937 对 于 \TU/lmr/m/n/10.53937 mysql \TU/SimSun(0)/m/n/10.53937 使 用 \TU/lmr/m/n/10.53937 select * from INFOMATION_SCHEMA.INNODB_LOCKS
 []


Overfull \hbox (121.73248pt too wide) in paragraph at lines 440--440
[]\TU/lmr/m/n/10.53937 3. \TU/SimSun(0)/m/n/10.53937 查 看 等 待 锁 的 事 物 \TU/lmr/m/n/10.53937 SELECT * FROM INFORMATION_SCHEMA.INNODB_LOCK_WAITS 
 []


Overfull \hbox (6.16397pt too wide) in paragraph at lines 446--447
[]\TU/lmr/m/n/10.53937 java.util \TU/SimSun(0)/m/n/10.53937 包 下 面 的 所 有 的 集 合 类 都 是 快 速 失 败 的\TU/lmr/m/n/10.53937 , \TU/SimSun(0)/m/n/10.53937 而 \TU/lmr/m/n/10.53937 java.util.concurrent
 []

[16] [17] [18] [19] [20] [21] [22]
File: figures/red_black.jpg Graphic file (type bmp)
<figures/red_black.jpg>
 [23] [24] [25] [26] [27] [28]
File: figures/JMM.png Graphic file (type bmp)
<figures/JMM.png>
 [29] [30] [31]
Overfull \hbox (15.45003pt too wide) in paragraph at lines 799--800
[][][][][][] 
 []


Overfull \hbox (10.15529pt too wide) in paragraph at lines 800--801
[][] 
 []


Overfull \hbox (3.8316pt too wide) in paragraph at lines 801--802
[][] 
 []


Overfull \hbox (22.80266pt too wide) in paragraph at lines 802--803
[][] 
 []

[32]
Overfull \hbox (15.45003pt too wide) in paragraph at lines 826--827
[][][][][][] 
 []


Overfull \hbox (10.15529pt too wide) in paragraph at lines 827--828
[][] 
 []


Overfull \hbox (3.8316pt too wide) in paragraph at lines 828--829
[][] 
 []

[33]
Overfull \hbox (22.80266pt too wide) in paragraph at lines 829--830
[][] 
 []

[34] [35] [36]
File: figures/javaThreadState.png Graphic file (type bmp)
<figures/javaThreadState.png>
 [37]
File: figures/processorstatus.png Graphic file (type bmp)
<figures/processorstatus.png>
 [38]

Package hyperref Warning: Difference (2) between bookmark levels is greater 
(hyperref)                than one, level fixed on input line 968.


Overfull \hbox (5.34395pt too wide) in paragraph at lines 969--970
\TU/SimSun(0)/m/n/10.53937 大 的 \TU/lmr/m/n/10.53937 Eden \TU/SimSun(0)/m/n/10.53937 空 间 和 两 个 较 小 的 \TU/lmr/m/n/10.53937 Survivor \TU/SimSun(0)/m/n/10.53937 空 间，|  空 间 比 例 为 \TU/lmr/m/n/10.53937 Eden:S0:S1==8:1:1\TU/SimSun(0)/m/n/10.53937 ，|
 []

[39]
Overfull \hbox (92.68085pt too wide) in paragraph at lines 988--988
[]\TU/lmr/m/n/10.53937 2. \TU/SimSun(0)/m/n/10.53937 对 于 已 经 发 生 了 \TU/lmr/m/n/10.53937 oom \TU/SimSun(0)/m/n/10.53937 异 常 的\TU/lmr/m/n/10.53937 , \TU/SimSun(0)/m/n/10.53937 生 成 \TU/lmr/m/n/10.53937 dump \TU/SimSun(0)/m/n/10.53937 文 件 \TU/lmr/m/n/10.53937 (-XX:+HeapDumpOnOutOfMemoryError
 []

File: figures/sign_remove.png Graphic file (type bmp)
<figures/sign_remove.png>
[40]
File: figures/jvm_copy.jpg Graphic file (type bmp)
<figures/jvm_copy.jpg>
 [41] [42]
File: figures/jvm.jpg Graphic file (type bmp)
<figures/jvm.jpg>
File: figures/jvmRunTime.jpg Graphic file (type bmp)
<figures/jvmRunTime.jpg>
 [43] [44]
File: figures/Serial.png Graphic file (type bmp)
<figures/Serial.png>
File: figures/ParNew.png Graphic file (type bmp)
<figures/ParNew.png>
File: figures/parallelscavenge.png Graphic file (type bmp)
<figures/parallelscavenge.png>
 [45] [46]
File: figures/cms.png Graphic file (type bmp)
<figures/cms.png>
 [47]
File: figures/jvm_handler.jpg Graphic file (type bmp)
<figures/jvm_handler.jpg>
File: figures/jvm_point.jpg Graphic file (type bmp)
<figures/jvm_point.jpg>
 [48] [49] [50]

Package hyperref Warning: Difference (2) between bookmark levels is greater 
(hyperref)                than one, level fixed on input line 1198.

File: figures/rocketmqlife.jpg Graphic file (type bmp)
<figures/rocketmqlife.jpg>
[51] [52]
Overfull \hbox (22.75327pt too wide) in paragraph at lines 1268--1269
[]\TU/SimSun(0)/m/n/10.53937 简 单 来 说\TU/lmr/m/n/10.53937 , \TU/SimSun(0)/m/n/10.53937 两 阶 段 提 交\TU/lmr/m/n/10.53937 , \TU/SimSun(0)/m/n/10.53937 消 息 先 提 交 到 \TU/lmr/m/n/10.53937 RMS_SYS_TRANS_HALF_TOPIC
 []


Package hyperref Warning: Difference (2) between bookmark levels is greater 
(hyperref)                than one, level fixed on input line 1272.


Overfull \hbox (14.74452pt too wide) in paragraph at lines 1276--1277
[]\TU/SimSun(0)/m/n/10.53937 可 以 简 单 使 用 \TU/lmr/m/n/10.53937 google \TU/SimSun(0)/m/n/10.53937 的 布 隆 过 滤 器\TU/lmr/m/n/10.53937 , \TU/SimSun(0)/m/n/10.53937 简 单 的 说 就 是 在 某 些 场 景 下\TU/lmr/m/n/10.53937 , hashmap
 []


Overfull \hbox (70.80978pt too wide) in paragraph at lines 1285--1286
[]\TU/lmr/m/n/10.53937 Update t_account set money=#new_money where id=#id and money=#old_money; 
 []

[53]
File: figures/redis_sentinel.png Graphic file (type bmp)
<figures/redis_sentinel.png>
 [54]
File: figures/redis_cluster.png Graphic file (type bmp)
<figures/redis_cluster.png>
 [55]
File: figures/redis_file_event.jpg Graphic file (type bmp)
<figures/redis_file_event.jpg>

Overfull \hbox (86.38875pt too wide) in paragraph at lines 1354--1382
 [][] 
 []

[56]
File: figures/ziplist.png Graphic file (type bmp)
<figures/ziplist.png>
 [57] [58]
File: figures/jump_table.jpg Graphic file (type bmp)
<figures/jump_table.jpg>
 [59] [60]
File: figures/redis_sharding.png Graphic file (type bmp)
<figures/redis_sharding.png>
 [61]
File: figures/redismasterslave.png Graphic file (type bmp)
<figures/redismasterslave.png>
 [62]

Package hyperref Warning: Difference (2) between bookmark levels is greater 
(hyperref)                than one, level fixed on input line 1562.

[63]
File: figures/dns.jpg Graphic file (type bmp)
<figures/dns.jpg>
 [64]
File: figures/tcpconnectdis.png Graphic file (type bmp)
<figures/tcpconnectdis.png>

Overfull \hbox (0.3425pt too wide) in paragraph at lines 1622--1630
[][]$[][][][][] [] [] [] [][][] [] [][][][][][][] [] [][][] [] [][][][][][][][][][][][][][] [] [] [] [][][][][][][][] [] [][][][]$[] []$[][][][][] []
 []

[65]
File: figures/tcpsynrcvd.png Graphic file (type bmp)
<figures/tcpsynrcvd.png>
 [66] [67]
File: figures/liuliangkongzhi.png Graphic file (type bmp)
<figures/liuliangkongzhi.png>
File: figures/https.png Graphic file (type bmp)
<figures/https.png>
File: figures/TCP_IP_OSI.png Graphic file (type bmp)
<figures/TCP_IP_OSI.png>
File: figures/osi.jpg Graphic file (type bmp)
<figures/osi.jpg>
 [68] [69] [70]
File: figures/tcp.png Graphic file (type bmp)
<figures/tcp.png>
 [71] [72] [73] [74]

Package hyperref Warning: Difference (2) between bookmark levels is greater 
(hyperref)                than one, level fixed on input line 1840.

[75] [76] [77] [78] [79]
Overfull \hbox (1.30035pt too wide) in paragraph at lines 1959--1959
[]\TU/lmr/m/n/10.53937 (3) \TU/SimSun(0)/m/n/10.53937 排 它 锁 \TU/lmr/m/n/10.53937 (X): SELECT * from tableName where ... FOR UPDATE(\TU/SimSun(0)/m/n/10.53937 独
 []


Package hyperref Warning: Difference (2) between bookmark levels is greater 
(hyperref)                than one, level fixed on input line 1980.

[80]
File: figures/virtualMemory.png Graphic file (type bmp)
<figures/virtualMemory.png>
 [81]
File: figures/mmu.jpg Graphic file (type bmp)
<figures/mmu.jpg>
 [82] [83] [84]

Package hyperref Warning: Difference (2) between bookmark levels is greater 
(hyperref)                than one, level fixed on input line 2094.

[85] [86] [87] [88] [89] [90] [91] [92]

Package hyperref Warning: Difference (2) between bookmark levels is greater 
(hyperref)                than one, level fixed on input line 2335.

[93] [94] [95] [96] [97] [98] [99] [100] [101] [102] [103] [104] [105] [106] [107] [108]
File: figures/exceptioncpp.png Graphic file (type bmp)
<figures/exceptioncpp.png>
 [109]
File: figures/exceptionjava.png Graphic file (type bmp)
<figures/exceptionjava.png>
 [110]

Package hyperref Warning: Difference (2) between bookmark levels is greater 
(hyperref)                than one, level fixed on input line 2837.

[111] [112] [113] [114] [115] [116]
File: figures/happymmallOne.png Graphic file (type bmp)
<figures/happymmallOne.png>
 [117] [118]
File: figures/happymmallTwo.png Graphic file (type bmp)
<figures/happymmallTwo.png>
File: figures/redislockdistribution.png Graphic file (type bmp)
<figures/redislockdistribution.png>
File: figures/happymmallexception.png Graphic file (type bmp)
<figures/happymmallexception.png>
 [119] [120] [121]
Overfull \hbox (7.27827pt too wide) in paragraph at lines 3070--3071
\TU/lmr/m/n/10.53937 model based on volumetric subdivision. The user firstly needs to in-teractively
 []

[122]
File: figures/rockmq.png Graphic file (type bmp)
<figures/rockmq.png>


Package hyperref Warning: Difference (2) between bookmark levels is greater 
(hyperref)                than one, level fixed on input line 3080.

[123]

Package hyperref Warning: Difference (2) between bookmark levels is greater 
(hyperref)                than one, level fixed on input line 3088.

[124] [125]

Package hyperref Warning: Difference (2) between bookmark levels is greater 
(hyperref)                than one, level fixed on input line 3140.

File: figures/simpleFactory.png Graphic file (type bmp)
<figures/simpleFactory.png>
[126]
File: figures/abstractFactory.png Graphic file (type bmp)
<figures/abstractFactory.png>
 [127]
Overfull \hbox (16.47897pt too wide) in paragraph at lines 3203--3204
[][] 
 []

[128] [129] [130] [131] [132]
LaTeX Font Info:    Font shape `TU/lmtt/bx/n' in size <10.53937> not available
(Font)              Font shape `TU/lmtt/b/n' tried instead on input line 3355.

Overfull \hbox (52.12708pt too wide) in paragraph at lines 3355--3355
[][]$[][][][][] [] [] [] [][][][][][][][][][][][] [] [][][] [] [][][][][][][][] [] [][][][][][][][][][][][][][][][][][][][][][][][][][][][][][][][] []
 []


Package hyperref Warning: Difference (2) between bookmark levels is greater 
(hyperref)                than one, level fixed on input line 3355.


Package hyperref Warning: Token not allowed in a PDF string (Unicode):
(hyperref)                removing `\begingroup' on input line 3355.


Package hyperref Warning: Token not allowed in a PDF string (Unicode):
(hyperref)                removing `\catcode' on input line 3355.


Package hyperref Warning: Token not allowed in a PDF string (Unicode):
(hyperref)                removing `\active' on input line 3355.


Package hyperref Warning: Token not allowed in a PDF string (Unicode):
(hyperref)                removing `\<def>-command' on input line 3355.


Package hyperref Warning: Token not allowed in a PDF string (Unicode):
(hyperref)                removing `\csname\endcsname' on input line 3355.


Package hyperref Warning: Token not allowed in a PDF string (Unicode):
(hyperref)                removing `\catcode' on input line 3355.


Package hyperref Warning: Token not allowed in a PDF string (Unicode):
(hyperref)                removing `\active' on input line 3355.


Package hyperref Warning: Token not allowed in a PDF string (Unicode):
(hyperref)                removing `\<let>-command' on input line 3355.


Package hyperref Warning: Token not allowed in a PDF string (Unicode):
(hyperref)                removing `\csname\endcsname' on input line 3355.


Package hyperref Warning: Token not allowed in a PDF string (Unicode):
(hyperref)                removing `\<let>-command' on input line 3355.


Package hyperref Warning: Token not allowed in a PDF string (Unicode):
(hyperref)                removing `\%' on input line 3355.


Package hyperref Warning: Token not allowed in a PDF string (Unicode):
(hyperref)                removing `\catcode' on input line 3355.


Package hyperref Warning: Token not allowed in a PDF string (Unicode):
(hyperref)                removing `\active' on input line 3355.


Package hyperref Warning: Token not allowed in a PDF string (Unicode):
(hyperref)                removing `\<def>-command' on input line 3355.


Package hyperref Warning: Token not allowed in a PDF string (Unicode):
(hyperref)                removing `\csname\endcsname' on input line 3355.


Package hyperref Warning: Token not allowed in a PDF string (Unicode):
(hyperref)                removing `\<def>-command' on input line 3355.


Package hyperref Warning: Token not allowed in a PDF string (Unicode):
(hyperref)                removing `\#' on input line 3355.


Package hyperref Warning: Token not allowed in a PDF string (Unicode):
(hyperref)                removing `\catcode' on input line 3355.


Package hyperref Warning: Token not allowed in a PDF string (Unicode):
(hyperref)                removing `\<def>-command' on input line 3355.


Package hyperref Warning: Token not allowed in a PDF string (Unicode):
(hyperref)                removing `\csname\endcsname' on input line 3355.


Package hyperref Warning: Token not allowed in a PDF string (Unicode):
(hyperref)                removing `\<def>-command' on input line 3355.


Package hyperref Warning: Token not allowed in a PDF string (Unicode):
(hyperref)                removing `\&' on input line 3355.


Package hyperref Warning: Token not allowed in a PDF string (Unicode):
(hyperref)                removing `\<def>-command' on input line 3355.


Package hyperref Warning: Token not allowed in a PDF string (Unicode):
(hyperref)                removing `\textunderscore' on input line 3355.


Package hyperref Warning: Token not allowed in a PDF string (Unicode):
(hyperref)                removing `\<let>-command' on input line 3355.


Package hyperref Warning: Token not allowed in a PDF string (Unicode):
(hyperref)                removing `\_' on input line 3355.


Package hyperref Warning: Token not allowed in a PDF string (Unicode):
(hyperref)                removing `\catcode' on input line 3355.


Package hyperref Warning: Token not allowed in a PDF string (Unicode):
(hyperref)                removing `\active' on input line 3355.


Package hyperref Warning: Token not allowed in a PDF string (Unicode):
(hyperref)                removing `\<let>-command' on input line 3355.


Package hyperref Warning: Token not allowed in a PDF string (Unicode):
(hyperref)                removing `\csname\endcsname' on input line 3355.


Package hyperref Warning: Token not allowed in a PDF string (Unicode):
(hyperref)                removing `\<let>-command' on input line 3355.


Package hyperref Warning: Token not allowed in a PDF string (Unicode):
(hyperref)                removing `\csname\endcsname' on input line 3355.


Package hyperref Warning: Token not allowed in a PDF string (Unicode):
(hyperref)                removing `\<let>-command' on input line 3355.


Package hyperref Warning: Token not allowed in a PDF string (Unicode):
(hyperref)                removing `\~' on input line 3355.


Package hyperref Warning: Token not allowed in a PDF string (Unicode):
(hyperref)                removing `\<let>-command' on input line 3355.


Package hyperref Warning: Token not allowed in a PDF string (Unicode):
(hyperref)                removing `\textasciitilde' on input line 3355.


Package hyperref Warning: Token not allowed in a PDF string (Unicode):
(hyperref)                removing `\<let>-command' on input line 3355.


Package hyperref Warning: Token not allowed in a PDF string (Unicode):
(hyperref)                removing `\\' on input line 3355.


Package hyperref Warning: Token not allowed in a PDF string (Unicode):
(hyperref)                removing `\<def>-command' on input line 3355.


Package hyperref Warning: Token not allowed in a PDF string (Unicode):
(hyperref)                removing `\csname\endcsname' on input line 3355.


Package hyperref Warning: Token not allowed in a PDF string (Unicode):
(hyperref)                removing `\<def>-command' on input line 3355.


Package hyperref Warning: Token not allowed in a PDF string (Unicode):
(hyperref)                removing `\Hy@tempa' on input line 3355.


Package hyperref Warning: Token not allowed in a PDF string (Unicode):
(hyperref)                removing `\<def>-command' on input line 3355.


Package hyperref Warning: Token not allowed in a PDF string (Unicode):
(hyperref)                removing `\Hy@tempa' on input line 3355.


Package hyperref Warning: Difference (2) between bookmark levels is greater 
(hyperref)                than one, level fixed on input line 3365.


Overfull \hbox (2.53592pt too wide) in paragraph at lines 3366--3367
[][]$[][][][][] [] [] [] [][][][] [] [][][][] [] [][][] [] [][] [] [][][][][][][][] [] [][][][][][][] [] [][][][][][][] [] [][][][][][][][][]$[] 
 []

[133]

Package hyperref Warning: Difference (2) between bookmark levels is greater 
(hyperref)                than one, level fixed on input line 3373.


Package hyperref Warning: Difference (2) between bookmark levels is greater 
(hyperref)                than one, level fixed on input line 3399.

[134] [135]
Overfull \hbox (401.09872pt too wide) detected at line 3480
\OT1/cmr/m/n/10.53937 2[] = 4; 3[] = 9; 4[] = 16; 5[] = 25; 6[] = 36; 7[] = 49; 8[] = 64; 9[] = 81; 11[] = 121; 12[] = 144; 13[] = 169; 14[] = 196; 15[] = 225; 16[] = 256; 17[] = 289; 18[] = 324; 19[] = 361;
 []

[136] [137]
Overfull \hbox (46.70778pt too wide) in paragraph at lines 3578--3579
[]$\OML/cmm/m/it/10.53937 A \OT1/cmr/m/n/10.53937 + \OML/cmm/m/it/10.53937 B \OT1/cmr/m/n/10.53937 + \OML/cmm/m/it/10.53937 C \OMS/cmsy/m/n/10.53937 ^^@ \OML/cmm/m/it/10.53937 A [] B \OMS/cmsy/m/n/10.53937 ^^@ \OML/cmm/m/it/10.53937 A [] C \OMS/cmsy/m/n/10.53937 ^^@ \OML/cmm/m/it/10.53937 B [] C \OT1/cmr/m/n/10.53937 + \OML/cmm/m/it/10.53937 A [] B [] C \OT1/cmr/m/n/10.53937 = [] \OMS/cmsy/m/n/10.53937 ^^@ []$ 
 []

Missing character: There is no 追 (U+8FFD) in font [lmroman7-regular]:mapping=tex-text;!
[138] [139] [140] [141] [142] [143] [144] [145] [146]
Missing character: There is no 间 (U+95F4) in font [lmroman7-regular]:mapping=tex-text;!
Missing character: There is no 隔 (U+9694) in font [lmroman7-regular]:mapping=tex-text;!
Missing character: There is no 增 (U+589E) in font [lmroman7-regular]:mapping=tex-text;!
Missing character: There is no 长 (U+957F) in font [lmroman7-regular]:mapping=tex-text;!
Missing character: There is no 率 (U+7387) in font [lmroman7-regular]:mapping=tex-text;!
[147]
Missing character: There is no 基 (U+57FA) in font [lmroman10-regular]:mapping=tex-text;!
Missing character: There is no 期 (U+671F) in font [lmroman10-regular]:mapping=tex-text;!
Missing character: There is no 倍 (U+500D) in font [lmroman10-regular]:mapping=tex-text;!
Missing character: There is no 数 (U+6570) in font [lmroman10-regular]:mapping=tex-text;!
[148] [149] [150] [151] [152] [153] [154] [155] [156] [157] [158] [159]
Overfull \hbox (99.61322pt too wide) detected at line 4626
\OT1/cmr/m/n/10.53937 [\OML/cmm/m/it/10.53937 p \OMS/cmsy/m/n/10.53937 ^^@ \OT1/cmr/m/n/10.53937 (\OML/cmm/m/it/10.53937 p \OT1/cmr/m/n/10.53937 + []\OML/cmm/m/it/10.53937 dx\OT1/cmr/m/n/10.53937 )]\OML/cmm/m/it/10.53937 dydz \OT1/cmr/m/n/10.53937 + [(\OML/cmm/m/it/10.53937 ^^\[] \OT1/cmr/m/n/10.53937 + [] \OMS/cmsy/m/n/10.53937 ^^@ \OML/cmm/m/it/10.53937 ^^\[]\OT1/cmr/m/n/10.53937 )]\OML/cmm/m/it/10.53937 dydz \OT1/cmr/m/n/10.53937 + [(\OML/cmm/m/it/10.53937 ^^\[] \OT1/cmr/m/n/10.53937 + []\OML/cmm/m/it/10.53937 dy\OT1/cmr/m/n/10.53937 ) \OMS/cmsy/m/n/10.53937 ^^@ \OML/cmm/m/it/10.53937 ^^\[]\OT1/cmr/m/n/10.53937 ]\OML/cmm/m/it/10.53937 dxdz \OT1/cmr/m/n/10.53937 + [(\OML/cmm/m/it/10.53937 ^^\[]x \OT1/cmr/m/n/10.53937 + []\OML/cmm/m/it/10.53937 dz\OT1/cmr/m/n/10.53937 ) \OMS/cmsy/m/n/10.53937 ^^@ \OML/cmm/m/it/10.53937 ^^\[]\OT1/cmr/m/n/10.53937 ]\OML/cmm/m/it/10.53937 dxdy
 []

[160]
Overfull \hbox (122.71225pt too wide) detected at line 4711
[] \OT1/cmr/m/n/10.53937 + [] + [] + [] = \OMS/cmsy/m/n/10.53937 ^^@[] \OT1/cmr/m/n/10.53937 + [](\OML/cmm/m/it/10.53937 ^^U\OMS/cmsy/m/n/10.53937 r ^^A [] \OT1/cmr/m/n/10.53937 + 2\OML/cmm/m/it/10.53937 ^^V[]\OT1/cmr/m/n/10.53937 ) + [][\OML/cmm/m/it/10.53937 ^^V\OT1/cmr/m/n/10.53937 ([] + [])] + [][\OML/cmm/m/it/10.53937 ^^V\OT1/cmr/m/n/10.53937 ([] + [])] + \OML/cmm/m/it/10.53937 ^^Z\OMS/cmsy/m/n/10.53937 f[]
 []


Overfull \hbox (196.62816pt too wide) detected at line 4723
[] \OT1/cmr/m/n/10.53937 + [] + [] + [] = \OMS/cmsy/m/n/10.53937 ^^@[] \OT1/cmr/m/n/10.53937 + [] [] + [] [] [] + [] [] + \OML/cmm/m/it/10.53937 ^^Zf[]
 []

[161]
Overfull \hbox (53.78821pt too wide) detected at line 4762
[][]
 []

[162]
Overfull \hbox (74.94875pt too wide) detected at line 4806
[][]
 []


Overfull \hbox (18.34097pt too wide) detected at line 4815
[][]
 []

[163]
Overfull \hbox (18.34097pt too wide) detected at line 4826
[][]
 []


Overfull \hbox (7.182pt too wide) detected at line 4850
[][]
 []

[164]
./document.tex:4895: Extra alignment tab has been changed to \cr.
<template> $\MT_gathered_post: \endtemplate 
                                            
l.4895 ^^I^^I&
               \frac{\partial(v p)}{\partial y}-\frac{\partial(w p)}{\partia...
You have given more \span or & marks than there were
in the preamble to the \halign or \valign now in progress.
So I'll assume that you meant to type \cr instead.

./document.tex:4896: Extra alignment tab has been changed to \cr.
<template> $\MT_gathered_post: \endtemplate 
                                            
l.4896 ^^I^^I&
               \frac{\partial\left(v \tau_{x y}\right)}{\partial x}+\frac{\p...
You have given more \span or & marks than there were
in the preamble to the \halign or \valign now in progress.
So I'll assume that you meant to type \cr instead.

./document.tex:4897: Extra alignment tab has been changed to \cr.
<template> $\MT_gathered_post: \endtemplate 
                                            
l.4897 ^^I^^I&
               \frac{\partial\left(w \tau_{z}\right)}{\partial z}+\rho f \cd...
You have given more \span or & marks than there were
in the preamble to the \halign or \valign now in progress.
So I'll assume that you meant to type \cr instead.


Overfull \hbox (0.54633pt too wide) detected at line 4899
[][]
 []


Overfull \hbox (185.15906pt too wide) detected at line 4910
[][]
 []

[165] [166]
Overfull \hbox (3.09055pt too wide) detected at line 4968
[] [] \OT1/cmr/m/n/10.53937 + \OMS/cmsy/m/n/10.53937 r ^^A [] \OT1/cmr/m/n/10.53937 = \OML/cmm/m/it/10.53937 ^^Z[] \OMS/cmsy/m/n/10.53937 ^^@ [] ^^@ [] ^^@ [] \OT1/cmr/m/n/10.53937 + \OML/cmm/m/it/10.53937 ^^Zf \OMS/cmsy/m/n/10.53937 ^^A \OML/cmm/m/it/10.53937 V
 []

[167] [168]
File: figures/youxianchafentujie.png Graphic file (type bmp)
<figures/youxianchafentujie.png>
File: figures/youxianchafentujie2.png Graphic file (type bmp)
<figures/youxianchafentujie2.png>
File: figures/youxianchafentujie3.png Graphic file (type bmp)
<figures/youxianchafentujie3.png>
 [169] [170]
./document.tex:5103: Undefined control sequence.
l.5103 ...frac{k_{m} \Delta x}{2}\right| \leqslant
                                                   1
The control sequence at the end of the top line
of your error message was never \def'ed. If you have
misspelled it (e.g., `\hobx'), type `I' and the correct
spelling (e.g., `I\hbox'). Otherwise just continue,
and I'll forget about whatever was undefined.

[171]
Overfull \hbox (12.63547pt too wide) detected at line 5130
[][]
 []

[172] [173]
Overfull \hbox (13.60226pt too wide) in paragraph at lines 5231--5232
[][]$[][][][][] [] [] [] [][][] [] [][][][][][][][] [] [][][] [] [][][][][] [] [][][][][][][][][][][][] [] [][][][] [] [][][][][][] [] [][][][] []
 []

[174]

Package hyperref Warning: Difference (2) between bookmark levels is greater 
(hyperref)                than one, level fixed on input line 5254.

[175]

Package hyperref Warning: Difference (2) between bookmark levels is greater 
(hyperref)                than one, level fixed on input line 5309.

[176] [177] (./document.aux)

LaTeX Font Warning: Size substitutions with differences
(Font)              up to 0.41063pt have occurred.


LaTeX Warning: Label(s) may have changed. Rerun to get cross-references right.


Package rerunfilecheck Warning: File `document.out' has changed.
(rerunfilecheck)                Rerun to get outlines right
(rerunfilecheck)                or use package `bookmark'.

Package rerunfilecheck Info: Checksums for `document.out':
(rerunfilecheck)             Before: <no file>
(rerunfilecheck)             After:  131770098B54EB71C40EC44494C24DCF;64140.
 ) 
Here is how much of TeX's memory you used:
 18459 strings out of 476275
 404643 string characters out of 5808032
 1072338 words of memory out of 5000000
 38782 multiletter control sequences out of 15000+600000
 413553 words of font info for 102 fonts, out of 8000000 for 9000
 1348 hyphenation exceptions out of 8191
 89i,10n,97p,1271b,1121s stack positions out of 5000i,500n,10000p,200000b,80000s

Output written on document.pdf (177 pages).
