This is XeTeX, Version 3.14159265-2.6-0.999991 (TeX Live 2019/W32TeX) (preloaded format=xelatex 2019.7.20)  13 SEP 2019 13:25
entering extended mode
 restricted \write18 enabled.
 %&-line parsing enabled.
**chapter10.tex
(./chapter10.tex
LaTeX2e <2018-12-01>
! Undefined control sequence.
l.4 \chapter
            {算法合集}
The control sequence at the end of the top line
of your error message was never \def'ed. If you have
misspelled it (e.g., `\hobx'), type `I' and the correct
spelling (e.g., `I\hbox'). Otherwise just continue,
and I'll forget about whatever was undefined.


! LaTeX Error: Missing \begin{document}.

See the LaTeX manual or LaTeX Companion for explanation.
Type  H <return>  for immediate help.
 ...                                              
                                                  
l.4 \chapter{算
              法合集}
You're in trouble here.  Try typing  <return>  to proceed.
If that doesn't work, type  X <return>  to quit.

Missing character: There is no 算 in font nullfont!
Missing character: There is no 法 in font nullfont!
Missing character: There is no 合 in font nullfont!
Missing character: There is no 集 in font nullfont!

Overfull \hbox (20.0pt too wide) in paragraph at lines 4--6
[]
 []


! LaTeX Error: Missing \begin{document}.

See the LaTeX manual or LaTeX Companion for explanation.
Type  H <return>  for immediate help.
 ...                                              
                                                  
l.7 \begin{itemize}
                   [noitemsep,topsep=0pt,parsep=0pt,partopsep=0pt]
You're in trouble here.  Try typing  <return>  to proceed.
If that doesn't work, type  X <return>  to quit.


Overfull \hbox (20.0pt too wide) in paragraph at lines 7--7
[] 
 []


! LaTeX Error: Missing \begin{document}.

See the LaTeX manual or LaTeX Companion for explanation.
Type  H <return>  for immediate help.
 ...                                              
                                                  
l.7 \begin{itemize}[
                    noitemsep,topsep=0pt,parsep=0pt,partopsep=0pt]
You're in trouble here.  Try typing  <return>  to proceed.
If that doesn't work, type  X <return>  to quit.

Missing character: There is no [ in font nullfont!
Missing character: There is no n in font nullfont!
Missing character: There is no o in font nullfont!
Missing character: There is no i in font nullfont!
Missing character: There is no t in font nullfont!
Missing character: There is no e in font nullfont!
Missing character: There is no m in font nullfont!
Missing character: There is no s in font nullfont!
Missing character: There is no e in font nullfont!
Missing character: There is no p in font nullfont!
Missing character: There is no , in font nullfont!
Missing character: There is no t in font nullfont!
Missing character: There is no o in font nullfont!
Missing character: There is no p in font nullfont!
Missing character: There is no s in font nullfont!
Missing character: There is no e in font nullfont!
Missing character: There is no p in font nullfont!
Missing character: There is no = in font nullfont!
Missing character: There is no 0 in font nullfont!
Missing character: There is no p in font nullfont!
Missing character: There is no t in font nullfont!
Missing character: There is no , in font nullfont!
Missing character: There is no p in font nullfont!
Missing character: There is no a in font nullfont!
Missing character: There is no r in font nullfont!
Missing character: There is no s in font nullfont!
Missing character: There is no e in font nullfont!
Missing character: There is no p in font nullfont!
Missing character: There is no = in font nullfont!
Missing character: There is no 0 in font nullfont!
Missing character: There is no p in font nullfont!
Missing character: There is no t in font nullfont!
Missing character: There is no , in font nullfont!
Missing character: There is no p in font nullfont!
Missing character: There is no a in font nullfont!
Missing character: There is no r in font nullfont!
Missing character: There is no t in font nullfont!
Missing character: There is no o in font nullfont!
Missing character: There is no p in font nullfont!
Missing character: There is no s in font nullfont!
Missing character: There is no e in font nullfont!
Missing character: There is no p in font nullfont!
Missing character: There is no = in font nullfont!
Missing character: There is no 0 in font nullfont!
Missing character: There is no p in font nullfont!
Missing character: There is no t in font nullfont!
Missing character: There is no ] in font nullfont!

! LaTeX Error: Something's wrong--perhaps a missing \item.

See the LaTeX manual or LaTeX Companion for explanation.
Type  H <return>  for immediate help.
 ...                                              
                                                  
l.8 ^^I\item 这
              部分将关键的算法都陈列在这里了，比较有概率考到，是QQ群我的师兄分享给我的要背(或者理解能默写出来)的程序。
Try typing  <return>  to proceed.
If that doesn't work, type  X <return>  to quit.


! LaTeX Error: Something's wrong--perhaps a missing \item.

See the LaTeX manual or LaTeX Companion for explanation.
Type  H <return>  for immediate help.
 ...                                              
                                                  
l.8 ^^I\item 这
              部分将关键的算法都陈列在这里了，比较有概率考到，是QQ群我的师兄分享给我的要背(或者理解能默写出来)的程序。
Try typing  <return>  to proceed.
If that doesn't work, type  X <return>  to quit.


! LaTeX Error: Something's wrong--perhaps a missing \item.

See the LaTeX manual or LaTeX Companion for explanation.
Type  H <return>  for immediate help.
 ...                                              
                                                  
l.8 ^^I\item 这
              部分将关键的算法都陈列在这里了，比较有概率考到，是QQ群我的师兄分享给我的要背(或者理解能默写出来)的程序。
Try typing  <return>  to proceed.
If that doesn't work, type  X <return>  to quit.

Missing character: There is no 这 in font nullfont!
Missing character: There is no 部 in font nullfont!
Missing character: There is no 分 in font nullfont!
Missing character: There is no 将 in font nullfont!
Missing character: There is no 关 in font nullfont!
Missing character: There is no 键 in font nullfont!
Missing character: There is no 的 in font nullfont!
Missing character: There is no 算 in font nullfont!
Missing character: There is no 法 in font nullfont!
Missing character: There is no 都 in font nullfont!
Missing character: There is no 陈 in font nullfont!
Missing character: There is no 列 in font nullfont!
Missing character: There is no 在 in font nullfont!
Missing character: There is no 这 in font nullfont!
Missing character: There is no 里 in font nullfont!
Missing character: There is no 了 in font nullfont!
Missing character: There is no ， in font nullfont!
Missing character: There is no 比 in font nullfont!
Missing character: There is no 较 in font nullfont!
Missing character: There is no 有 in font nullfont!
Missing character: There is no 概 in font nullfont!
Missing character: There is no 率 in font nullfont!
Missing character: There is no 考 in font nullfont!
Missing character: There is no 到 in font nullfont!
Missing character: There is no ， in font nullfont!
Missing character: There is no 是 in font nullfont!
Missing character: There is no Q in font nullfont!
Missing character: There is no Q in font nullfont!
Missing character: There is no 群 in font nullfont!
Missing character: There is no 我 in font nullfont!
Missing character: There is no 的 in font nullfont!
Missing character: There is no 师 in font nullfont!
Missing character: There is no 兄 in font nullfont!
Missing character: There is no 分 in font nullfont!
Missing character: There is no 享 in font nullfont!
Missing character: There is no 给 in font nullfont!
Missing character: There is no 我 in font nullfont!
Missing character: There is no 的 in font nullfont!
Missing character: There is no 要 in font nullfont!
Missing character: There is no 背 in font nullfont!
Missing character: There is no ( in font nullfont!
Missing character: There is no 或 in font nullfont!
Missing character: There is no 者 in font nullfont!
Missing character: There is no 理 in font nullfont!
Missing character: There is no 解 in font nullfont!
Missing character: There is no 能 in font nullfont!
Missing character: There is no 默 in font nullfont!
Missing character: There is no 写 in font nullfont!
Missing character: There is no 出 in font nullfont!
Missing character: There is no 来 in font nullfont!
Missing character: There is no ) in font nullfont!
Missing character: There is no 的 in font nullfont!
Missing character: There is no 程 in font nullfont!
Missing character: There is no 序 in font nullfont!
Missing character: There is no 。 in font nullfont!

! LaTeX Error: Something's wrong--perhaps a missing \item.

See the LaTeX manual or LaTeX Companion for explanation.
Type  H <return>  for immediate help.
 ...                                              
                                                  
l.9 ^^I\item 有
              一部分使用了书上的代码，比如 EQ 到时候替换为相应的C/C++代码即可
Try typing  <return>  to proceed.
If that doesn't work, type  X <return>  to quit.


! LaTeX Error: Something's wrong--perhaps a missing \item.

See the LaTeX manual or LaTeX Companion for explanation.
Type  H <return>  for immediate help.
 ...                                              
                                                  
l.9 ^^I\item 有
              一部分使用了书上的代码，比如 EQ 到时候替换为相应的C/C++代码即可
Try typing  <return>  to proceed.
If that doesn't work, type  X <return>  to quit.


! LaTeX Error: Something's wrong--perhaps a missing \item.

See the LaTeX manual or LaTeX Companion for explanation.
Type  H <return>  for immediate help.
 ...                                              
                                                  
l.9 ^^I\item 有
              一部分使用了书上的代码，比如 EQ 到时候替换为相应的C/C++代码即可
Try typing  <return>  to proceed.
If that doesn't work, type  X <return>  to quit.

Missing character: There is no 有 in font nullfont!
Missing character: There is no 一 in font nullfont!
Missing character: There is no 部 in font nullfont!
Missing character: There is no 分 in font nullfont!
Missing character: There is no 使 in font nullfont!
Missing character: There is no 用 in font nullfont!
Missing character: There is no 了 in font nullfont!
Missing character: There is no 书 in font nullfont!
Missing character: There is no 上 in font nullfont!
Missing character: There is no 的 in font nullfont!
Missing character: There is no 代 in font nullfont!
Missing character: There is no 码 in font nullfont!
Missing character: There is no ， in font nullfont!
Missing character: There is no 比 in font nullfont!
Missing character: There is no 如 in font nullfont!
Missing character: There is no E in font nullfont!
Missing character: There is no Q in font nullfont!
Missing character: There is no 到 in font nullfont!
Missing character: There is no 时 in font nullfont!
Missing character: There is no 候 in font nullfont!
Missing character: There is no 替 in font nullfont!
Missing character: There is no 换 in font nullfont!
Missing character: There is no 为 in font nullfont!
Missing character: There is no 相 in font nullfont!
Missing character: There is no 应 in font nullfont!
Missing character: There is no 的 in font nullfont!
Missing character: There is no C in font nullfont!
Missing character: There is no / in font nullfont!
Missing character: There is no C in font nullfont!
Missing character: There is no + in font nullfont!
Missing character: There is no + in font nullfont!
Missing character: There is no 代 in font nullfont!
Missing character: There is no 码 in font nullfont!
Missing character: There is no 即 in font nullfont!
Missing character: There is no 可 in font nullfont!

! LaTeX Error: Something's wrong--perhaps a missing \item.

See the LaTeX manual or LaTeX Companion for explanation.
Type  H <return>  for immediate help.
 ...                                              
                                                  
l.10 \end{itemize}
                  
Try typing  <return>  to proceed.
If that doesn't work, type  X <return>  to quit.

! Undefined control sequence.
l.12 \section
             {背诵的集合图片}
The control sequence at the end of the top line
of your error message was never \def'ed. If you have
misspelled it (e.g., `\hobx'), type `I' and the correct
spelling (e.g., `I\hbox'). Otherwise just continue,
and I'll forget about whatever was undefined.

Missing character: There is no 背 in font nullfont!
Missing character: There is no 诵 in font nullfont!
Missing character: There is no 的 in font nullfont!
Missing character: There is no 集 in font nullfont!
Missing character: There is no 合 in font nullfont!
Missing character: There is no 图 in font nullfont!
Missing character: There is no 片 in font nullfont!

! LaTeX Error: Environment figure undefined.

See the LaTeX manual or LaTeX Companion for explanation.
Type  H <return>  for immediate help.
 ...                                              
                                                  
l.13 \begin{figure}
                   [H]
Your command was ignored.
Type  I <command> <return>  to replace it with another command,
or  <return>  to continue without it.

Missing character: There is no [ in font nullfont!
Missing character: There is no H in font nullfont!
Missing character: There is no ] in font nullfont!
! Undefined control sequence.
l.15 ^^I\includegraphics
                        [scale=0.8]{example/chapter10/need.png}
The control sequence at the end of the top line
of your error message was never \def'ed. If you have
misspelled it (e.g., `\hobx'), type `I' and the correct
spelling (e.g., `I\hbox'). Otherwise just continue,
and I'll forget about whatever was undefined.

Missing character: There is no [ in font nullfont!
Missing character: There is no s in font nullfont!
Missing character: There is no c in font nullfont!
Missing character: There is no a in font nullfont!
Missing character: There is no l in font nullfont!
Missing character: There is no e in font nullfont!
Missing character: There is no = in font nullfont!
Missing character: There is no 0 in font nullfont!
Missing character: There is no . in font nullfont!
Missing character: There is no 8 in font nullfont!
Missing character: There is no ] in font nullfont!
Missing character: There is no e in font nullfont!
Missing character: There is no x in font nullfont!
Missing character: There is no a in font nullfont!
Missing character: There is no m in font nullfont!
Missing character: There is no p in font nullfont!
Missing character: There is no l in font nullfont!
Missing character: There is no e in font nullfont!
Missing character: There is no / in font nullfont!
Missing character: There is no c in font nullfont!
Missing character: There is no h in font nullfont!
Missing character: There is no a in font nullfont!
Missing character: There is no p in font nullfont!
Missing character: There is no t in font nullfont!
Missing character: There is no e in font nullfont!
Missing character: There is no r in font nullfont!
Missing character: There is no 1 in font nullfont!
Missing character: There is no 0 in font nullfont!
Missing character: There is no / in font nullfont!
Missing character: There is no n in font nullfont!
Missing character: There is no e in font nullfont!
Missing character: There is no e in font nullfont!
Missing character: There is no d in font nullfont!
Missing character: There is no . in font nullfont!
Missing character: There is no p in font nullfont!
Missing character: There is no n in font nullfont!
Missing character: There is no g in font nullfont!

! LaTeX Error: \begin{document} ended by \end{figure}.

See the LaTeX manual or LaTeX Companion for explanation.
Type  H <return>  for immediat